

Started GET "/" for 127.0.0.1 at 2014-09-04 17:17:57 +0800
Processing by Rails::WelcomeController#index as HTML
  Rendered /Users/ryanyu/.rvm/gems/ruby-2.1.2/gems/railties-4.1.1/lib/rails/templates/rails/welcome/index.html.erb (3.2ms)
Completed 200 OK in 37ms (Views: 24.3ms | ActiveRecord: 0.0ms)


Started GET "/" for 127.0.0.1 at 2014-09-09 17:37:12 +0800

PG::ConnectionBad (could not connect to server: No such file or directory
	Is the server running locally and accepting
	connections on Unix domain socket "/var/pgsql_socket/.s.PGSQL.5432"?
):
  activerecord (4.1.1) lib/active_record/connection_adapters/postgresql_adapter.rb:881:in `initialize'
  activerecord (4.1.1) lib/active_record/connection_adapters/postgresql_adapter.rb:881:in `new'
  activerecord (4.1.1) lib/active_record/connection_adapters/postgresql_adapter.rb:881:in `connect'
  activerecord (4.1.1) lib/active_record/connection_adapters/postgresql_adapter.rb:568:in `initialize'
  activerecord (4.1.1) lib/active_record/connection_adapters/postgresql_adapter.rb:41:in `new'
  activerecord (4.1.1) lib/active_record/connection_adapters/postgresql_adapter.rb:41:in `postgresql_connection'
  activerecord (4.1.1) lib/active_record/connection_adapters/abstract/connection_pool.rb:435:in `new_connection'
  activerecord (4.1.1) lib/active_record/connection_adapters/abstract/connection_pool.rb:445:in `checkout_new_connection'
  activerecord (4.1.1) lib/active_record/connection_adapters/abstract/connection_pool.rb:416:in `acquire_connection'
  activerecord (4.1.1) lib/active_record/connection_adapters/abstract/connection_pool.rb:351:in `block in checkout'
  /Users/ryanyu/.rvm/rubies/ruby-2.1.2/lib/ruby/2.1.0/monitor.rb:211:in `mon_synchronize'
  activerecord (4.1.1) lib/active_record/connection_adapters/abstract/connection_pool.rb:350:in `checkout'
  activerecord (4.1.1) lib/active_record/connection_adapters/abstract/connection_pool.rb:265:in `block in connection'
  /Users/ryanyu/.rvm/rubies/ruby-2.1.2/lib/ruby/2.1.0/monitor.rb:211:in `mon_synchronize'
  activerecord (4.1.1) lib/active_record/connection_adapters/abstract/connection_pool.rb:264:in `connection'
  activerecord (4.1.1) lib/active_record/connection_adapters/abstract/connection_pool.rb:541:in `retrieve_connection'
  activerecord (4.1.1) lib/active_record/connection_handling.rb:113:in `retrieve_connection'
  activerecord (4.1.1) lib/active_record/connection_handling.rb:87:in `connection'
  activerecord (4.1.1) lib/active_record/query_cache.rb:51:in `restore_query_cache_settings'
  activerecord (4.1.1) lib/active_record/query_cache.rb:43:in `rescue in call'
  activerecord (4.1.1) lib/active_record/query_cache.rb:32:in `call'
  activerecord (4.1.1) lib/active_record/connection_adapters/abstract/connection_pool.rb:621:in `call'
  activerecord (4.1.1) lib/active_record/migration.rb:380:in `call'
  actionpack (4.1.1) lib/action_dispatch/middleware/callbacks.rb:29:in `block in call'
  activesupport (4.1.1) lib/active_support/callbacks.rb:82:in `run_callbacks'
  actionpack (4.1.1) lib/action_dispatch/middleware/callbacks.rb:27:in `call'
  actionpack (4.1.1) lib/action_dispatch/middleware/reloader.rb:73:in `call'
  actionpack (4.1.1) lib/action_dispatch/middleware/remote_ip.rb:76:in `call'
  actionpack (4.1.1) lib/action_dispatch/middleware/debug_exceptions.rb:17:in `call'
  actionpack (4.1.1) lib/action_dispatch/middleware/show_exceptions.rb:30:in `call'
  railties (4.1.1) lib/rails/rack/logger.rb:38:in `call_app'
  railties (4.1.1) lib/rails/rack/logger.rb:20:in `block in call'
  activesupport (4.1.1) lib/active_support/tagged_logging.rb:68:in `block in tagged'
  activesupport (4.1.1) lib/active_support/tagged_logging.rb:26:in `tagged'
  activesupport (4.1.1) lib/active_support/tagged_logging.rb:68:in `tagged'
  railties (4.1.1) lib/rails/rack/logger.rb:20:in `call'
  actionpack (4.1.1) lib/action_dispatch/middleware/request_id.rb:21:in `call'
  rack (1.5.2) lib/rack/methodoverride.rb:21:in `call'
  rack (1.5.2) lib/rack/runtime.rb:17:in `call'
  activesupport (4.1.1) lib/active_support/cache/strategy/local_cache_middleware.rb:26:in `call'
  rack (1.5.2) lib/rack/lock.rb:17:in `call'
  actionpack (4.1.1) lib/action_dispatch/middleware/static.rb:64:in `call'
  rack (1.5.2) lib/rack/sendfile.rb:112:in `call'
  railties (4.1.1) lib/rails/engine.rb:514:in `call'
  railties (4.1.1) lib/rails/application.rb:144:in `call'
  rack (1.5.2) lib/rack/lock.rb:17:in `call'
  rack (1.5.2) lib/rack/content_length.rb:14:in `call'
  rack (1.5.2) lib/rack/handler/webrick.rb:60:in `service'
  /Users/ryanyu/.rvm/rubies/ruby-2.1.2/lib/ruby/2.1.0/webrick/httpserver.rb:138:in `service'
  /Users/ryanyu/.rvm/rubies/ruby-2.1.2/lib/ruby/2.1.0/webrick/httpserver.rb:94:in `run'
  /Users/ryanyu/.rvm/rubies/ruby-2.1.2/lib/ruby/2.1.0/webrick/server.rb:295:in `block in start_thread'


  Rendered /Users/ryanyu/.rvm/gems/ruby-2.1.2/gems/actionpack-4.1.1/lib/action_dispatch/middleware/templates/rescues/_source.erb (0.7ms)
  Rendered /Users/ryanyu/.rvm/gems/ruby-2.1.2/gems/actionpack-4.1.1/lib/action_dispatch/middleware/templates/rescues/_trace.html.erb (1.8ms)
  Rendered /Users/ryanyu/.rvm/gems/ruby-2.1.2/gems/actionpack-4.1.1/lib/action_dispatch/middleware/templates/rescues/_request_and_response.html.erb (1.8ms)
  Rendered /Users/ryanyu/.rvm/gems/ruby-2.1.2/gems/actionpack-4.1.1/lib/action_dispatch/middleware/templates/rescues/diagnostics.erb within rescues/layout (26.0ms)


Started GET "/" for 127.0.0.1 at 2014-09-10 09:28:45 +0800

PG::ConnectionBad (could not connect to server: No such file or directory
	Is the server running locally and accepting
	connections on Unix domain socket "/var/pgsql_socket/.s.PGSQL.5432"?
):
  activerecord (4.1.1) lib/active_record/connection_adapters/postgresql_adapter.rb:881:in `initialize'
  activerecord (4.1.1) lib/active_record/connection_adapters/postgresql_adapter.rb:881:in `new'
  activerecord (4.1.1) lib/active_record/connection_adapters/postgresql_adapter.rb:881:in `connect'
  activerecord (4.1.1) lib/active_record/connection_adapters/postgresql_adapter.rb:568:in `initialize'
  activerecord (4.1.1) lib/active_record/connection_adapters/postgresql_adapter.rb:41:in `new'
  activerecord (4.1.1) lib/active_record/connection_adapters/postgresql_adapter.rb:41:in `postgresql_connection'
  activerecord (4.1.1) lib/active_record/connection_adapters/abstract/connection_pool.rb:435:in `new_connection'
  activerecord (4.1.1) lib/active_record/connection_adapters/abstract/connection_pool.rb:445:in `checkout_new_connection'
  activerecord (4.1.1) lib/active_record/connection_adapters/abstract/connection_pool.rb:416:in `acquire_connection'
  activerecord (4.1.1) lib/active_record/connection_adapters/abstract/connection_pool.rb:351:in `block in checkout'
  /Users/ryanyu/.rvm/rubies/ruby-2.1.2/lib/ruby/2.1.0/monitor.rb:211:in `mon_synchronize'
  activerecord (4.1.1) lib/active_record/connection_adapters/abstract/connection_pool.rb:350:in `checkout'
  activerecord (4.1.1) lib/active_record/connection_adapters/abstract/connection_pool.rb:265:in `block in connection'
  /Users/ryanyu/.rvm/rubies/ruby-2.1.2/lib/ruby/2.1.0/monitor.rb:211:in `mon_synchronize'
  activerecord (4.1.1) lib/active_record/connection_adapters/abstract/connection_pool.rb:264:in `connection'
  activerecord (4.1.1) lib/active_record/connection_adapters/abstract/connection_pool.rb:541:in `retrieve_connection'
  activerecord (4.1.1) lib/active_record/connection_handling.rb:113:in `retrieve_connection'
  activerecord (4.1.1) lib/active_record/connection_handling.rb:87:in `connection'
  activerecord (4.1.1) lib/active_record/query_cache.rb:51:in `restore_query_cache_settings'
  activerecord (4.1.1) lib/active_record/query_cache.rb:43:in `rescue in call'
  activerecord (4.1.1) lib/active_record/query_cache.rb:32:in `call'
  activerecord (4.1.1) lib/active_record/connection_adapters/abstract/connection_pool.rb:621:in `call'
  activerecord (4.1.1) lib/active_record/migration.rb:380:in `call'
  actionpack (4.1.1) lib/action_dispatch/middleware/callbacks.rb:29:in `block in call'
  activesupport (4.1.1) lib/active_support/callbacks.rb:82:in `run_callbacks'
  actionpack (4.1.1) lib/action_dispatch/middleware/callbacks.rb:27:in `call'
  actionpack (4.1.1) lib/action_dispatch/middleware/reloader.rb:73:in `call'
  actionpack (4.1.1) lib/action_dispatch/middleware/remote_ip.rb:76:in `call'
  actionpack (4.1.1) lib/action_dispatch/middleware/debug_exceptions.rb:17:in `call'
  actionpack (4.1.1) lib/action_dispatch/middleware/show_exceptions.rb:30:in `call'
  railties (4.1.1) lib/rails/rack/logger.rb:38:in `call_app'
  railties (4.1.1) lib/rails/rack/logger.rb:20:in `block in call'
  activesupport (4.1.1) lib/active_support/tagged_logging.rb:68:in `block in tagged'
  activesupport (4.1.1) lib/active_support/tagged_logging.rb:26:in `tagged'
  activesupport (4.1.1) lib/active_support/tagged_logging.rb:68:in `tagged'
  railties (4.1.1) lib/rails/rack/logger.rb:20:in `call'
  actionpack (4.1.1) lib/action_dispatch/middleware/request_id.rb:21:in `call'
  rack (1.5.2) lib/rack/methodoverride.rb:21:in `call'
  rack (1.5.2) lib/rack/runtime.rb:17:in `call'
  activesupport (4.1.1) lib/active_support/cache/strategy/local_cache_middleware.rb:26:in `call'
  rack (1.5.2) lib/rack/lock.rb:17:in `call'
  actionpack (4.1.1) lib/action_dispatch/middleware/static.rb:64:in `call'
  rack (1.5.2) lib/rack/sendfile.rb:112:in `call'
  railties (4.1.1) lib/rails/engine.rb:514:in `call'
  railties (4.1.1) lib/rails/application.rb:144:in `call'
  rack (1.5.2) lib/rack/lock.rb:17:in `call'
  rack (1.5.2) lib/rack/content_length.rb:14:in `call'
  rack (1.5.2) lib/rack/handler/webrick.rb:60:in `service'
  /Users/ryanyu/.rvm/rubies/ruby-2.1.2/lib/ruby/2.1.0/webrick/httpserver.rb:138:in `service'
  /Users/ryanyu/.rvm/rubies/ruby-2.1.2/lib/ruby/2.1.0/webrick/httpserver.rb:94:in `run'
  /Users/ryanyu/.rvm/rubies/ruby-2.1.2/lib/ruby/2.1.0/webrick/server.rb:295:in `block in start_thread'


  Rendered /Users/ryanyu/.rvm/gems/ruby-2.1.2/gems/actionpack-4.1.1/lib/action_dispatch/middleware/templates/rescues/_source.erb (0.7ms)
  Rendered /Users/ryanyu/.rvm/gems/ruby-2.1.2/gems/actionpack-4.1.1/lib/action_dispatch/middleware/templates/rescues/_trace.html.erb (1.6ms)
  Rendered /Users/ryanyu/.rvm/gems/ruby-2.1.2/gems/actionpack-4.1.1/lib/action_dispatch/middleware/templates/rescues/_request_and_response.html.erb (1.8ms)
  Rendered /Users/ryanyu/.rvm/gems/ruby-2.1.2/gems/actionpack-4.1.1/lib/action_dispatch/middleware/templates/rescues/diagnostics.erb within rescues/layout (25.9ms)


Started GET "/" for 127.0.0.1 at 2014-09-10 10:06:08 +0800

Psych::BadAlias (Cannot load `Rails.application.database_configuration`:
Unknown alias: default):
  /Users/ryanyu/.rvm/rubies/ruby-2.1.2/lib/ruby/2.1.0/psych/visitors/to_ruby.rb:284:in `block in visit_Psych_Nodes_Alias'
  /Users/ryanyu/.rvm/rubies/ruby-2.1.2/lib/ruby/2.1.0/psych/visitors/to_ruby.rb:284:in `fetch'
  /Users/ryanyu/.rvm/rubies/ruby-2.1.2/lib/ruby/2.1.0/psych/visitors/to_ruby.rb:284:in `visit_Psych_Nodes_Alias'
  /Users/ryanyu/.rvm/rubies/ruby-2.1.2/lib/ruby/2.1.0/psych/visitors/visitor.rb:15:in `visit'
  /Users/ryanyu/.rvm/rubies/ruby-2.1.2/lib/ruby/2.1.0/psych/visitors/visitor.rb:5:in `accept'
  /Users/ryanyu/.rvm/rubies/ruby-2.1.2/lib/ruby/2.1.0/psych/visitors/to_ruby.rb:31:in `accept'
  /Users/ryanyu/.rvm/rubies/ruby-2.1.2/lib/ruby/2.1.0/psych/visitors/to_ruby.rb:302:in `block in revive_hash'
  /Users/ryanyu/.rvm/rubies/ruby-2.1.2/lib/ruby/2.1.0/psych/visitors/to_ruby.rb:300:in `each'
  /Users/ryanyu/.rvm/rubies/ruby-2.1.2/lib/ruby/2.1.0/psych/visitors/to_ruby.rb:300:in `each_slice'
  /Users/ryanyu/.rvm/rubies/ruby-2.1.2/lib/ruby/2.1.0/psych/visitors/to_ruby.rb:300:in `revive_hash'
  /Users/ryanyu/.rvm/rubies/ruby-2.1.2/lib/ruby/2.1.0/psych/visitors/to_ruby.rb:161:in `visit_Psych_Nodes_Mapping'
  /Users/ryanyu/.rvm/rubies/ruby-2.1.2/lib/ruby/2.1.0/psych/visitors/visitor.rb:15:in `visit'
  /Users/ryanyu/.rvm/rubies/ruby-2.1.2/lib/ruby/2.1.0/psych/visitors/visitor.rb:5:in `accept'
  /Users/ryanyu/.rvm/rubies/ruby-2.1.2/lib/ruby/2.1.0/psych/visitors/to_ruby.rb:31:in `accept'
  /Users/ryanyu/.rvm/rubies/ruby-2.1.2/lib/ruby/2.1.0/psych/visitors/to_ruby.rb:302:in `block in revive_hash'
  /Users/ryanyu/.rvm/rubies/ruby-2.1.2/lib/ruby/2.1.0/psych/visitors/to_ruby.rb:300:in `each'
  /Users/ryanyu/.rvm/rubies/ruby-2.1.2/lib/ruby/2.1.0/psych/visitors/to_ruby.rb:300:in `each_slice'
  /Users/ryanyu/.rvm/rubies/ruby-2.1.2/lib/ruby/2.1.0/psych/visitors/to_ruby.rb:300:in `revive_hash'
  /Users/ryanyu/.rvm/rubies/ruby-2.1.2/lib/ruby/2.1.0/psych/visitors/to_ruby.rb:161:in `visit_Psych_Nodes_Mapping'
  /Users/ryanyu/.rvm/rubies/ruby-2.1.2/lib/ruby/2.1.0/psych/visitors/visitor.rb:15:in `visit'
  /Users/ryanyu/.rvm/rubies/ruby-2.1.2/lib/ruby/2.1.0/psych/visitors/visitor.rb:5:in `accept'
  /Users/ryanyu/.rvm/rubies/ruby-2.1.2/lib/ruby/2.1.0/psych/visitors/to_ruby.rb:31:in `accept'
  /Users/ryanyu/.rvm/rubies/ruby-2.1.2/lib/ruby/2.1.0/psych/visitors/to_ruby.rb:276:in `visit_Psych_Nodes_Document'
  /Users/ryanyu/.rvm/rubies/ruby-2.1.2/lib/ruby/2.1.0/psych/visitors/visitor.rb:15:in `visit'
  /Users/ryanyu/.rvm/rubies/ruby-2.1.2/lib/ruby/2.1.0/psych/visitors/visitor.rb:5:in `accept'
  /Users/ryanyu/.rvm/rubies/ruby-2.1.2/lib/ruby/2.1.0/psych/visitors/to_ruby.rb:31:in `accept'
  /Users/ryanyu/.rvm/rubies/ruby-2.1.2/lib/ruby/2.1.0/psych/nodes/node.rb:37:in `to_ruby'
  /Users/ryanyu/.rvm/rubies/ruby-2.1.2/lib/ruby/2.1.0/psych.rb:246:in `load'
  railties (4.1.1) lib/rails/application/configuration.rb:99:in `database_configuration'
  activerecord (4.1.1) lib/active_record/railtie.rb:128:in `block (2 levels) in <class:Railtie>'
  activesupport (4.1.1) lib/active_support/lazy_load_hooks.rb:38:in `instance_eval'
  activesupport (4.1.1) lib/active_support/lazy_load_hooks.rb:38:in `execute_hook'
  activesupport (4.1.1) lib/active_support/lazy_load_hooks.rb:45:in `block in run_load_hooks'
  activesupport (4.1.1) lib/active_support/lazy_load_hooks.rb:44:in `each'
  activesupport (4.1.1) lib/active_support/lazy_load_hooks.rb:44:in `run_load_hooks'
  activerecord (4.1.1) lib/active_record/base.rb:326:in `<module:ActiveRecord>'
  activerecord (4.1.1) lib/active_record/base.rb:23:in `<top (required)>'
  activerecord (4.1.1) lib/active_record/connection_adapters/abstract/connection_pool.rb:628:in `rescue in call'
  activerecord (4.1.1) lib/active_record/connection_adapters/abstract/connection_pool.rb:619:in `call'
  activerecord (4.1.1) lib/active_record/migration.rb:380:in `call'
  actionpack (4.1.1) lib/action_dispatch/middleware/callbacks.rb:29:in `block in call'
  activesupport (4.1.1) lib/active_support/callbacks.rb:82:in `run_callbacks'
  actionpack (4.1.1) lib/action_dispatch/middleware/callbacks.rb:27:in `call'
  actionpack (4.1.1) lib/action_dispatch/middleware/reloader.rb:73:in `call'
  actionpack (4.1.1) lib/action_dispatch/middleware/remote_ip.rb:76:in `call'
  actionpack (4.1.1) lib/action_dispatch/middleware/debug_exceptions.rb:17:in `call'
  actionpack (4.1.1) lib/action_dispatch/middleware/show_exceptions.rb:30:in `call'
  railties (4.1.1) lib/rails/rack/logger.rb:38:in `call_app'
  railties (4.1.1) lib/rails/rack/logger.rb:20:in `block in call'
  activesupport (4.1.1) lib/active_support/tagged_logging.rb:68:in `block in tagged'
  activesupport (4.1.1) lib/active_support/tagged_logging.rb:26:in `tagged'
  activesupport (4.1.1) lib/active_support/tagged_logging.rb:68:in `tagged'
  railties (4.1.1) lib/rails/rack/logger.rb:20:in `call'
  actionpack (4.1.1) lib/action_dispatch/middleware/request_id.rb:21:in `call'
  rack (1.5.2) lib/rack/methodoverride.rb:21:in `call'
  rack (1.5.2) lib/rack/runtime.rb:17:in `call'
  activesupport (4.1.1) lib/active_support/cache/strategy/local_cache_middleware.rb:26:in `call'
  rack (1.5.2) lib/rack/lock.rb:17:in `call'
  actionpack (4.1.1) lib/action_dispatch/middleware/static.rb:64:in `call'
  rack (1.5.2) lib/rack/sendfile.rb:112:in `call'
  railties (4.1.1) lib/rails/engine.rb:514:in `call'
  railties (4.1.1) lib/rails/application.rb:144:in `call'
  rack (1.5.2) lib/rack/lock.rb:17:in `call'
  rack (1.5.2) lib/rack/content_length.rb:14:in `call'
  rack (1.5.2) lib/rack/handler/webrick.rb:60:in `service'
  /Users/ryanyu/.rvm/rubies/ruby-2.1.2/lib/ruby/2.1.0/webrick/httpserver.rb:138:in `service'
  /Users/ryanyu/.rvm/rubies/ruby-2.1.2/lib/ruby/2.1.0/webrick/httpserver.rb:94:in `run'
  /Users/ryanyu/.rvm/rubies/ruby-2.1.2/lib/ruby/2.1.0/webrick/server.rb:295:in `block in start_thread'


  Rendered /Users/ryanyu/.rvm/gems/ruby-2.1.2/gems/actionpack-4.1.1/lib/action_dispatch/middleware/templates/rescues/_source.erb (1.2ms)
  Rendered /Users/ryanyu/.rvm/gems/ruby-2.1.2/gems/actionpack-4.1.1/lib/action_dispatch/middleware/templates/rescues/_trace.html.erb (1.4ms)
  Rendered /Users/ryanyu/.rvm/gems/ruby-2.1.2/gems/actionpack-4.1.1/lib/action_dispatch/middleware/templates/rescues/_request_and_response.html.erb (1.2ms)
  Rendered /Users/ryanyu/.rvm/gems/ruby-2.1.2/gems/actionpack-4.1.1/lib/action_dispatch/middleware/templates/rescues/diagnostics.erb within rescues/layout (25.9ms)


Started GET "/" for 127.0.0.1 at 2014-09-10 10:13:47 +0800

Gem::LoadError (Specified 'mysql' for database adapter, but the gem is not loaded. Add `gem 'mysql'` to your Gemfile (and ensure its version is at the minimum required by ActiveRecord).):
  activerecord (4.1.1) lib/active_record/connection_adapters/connection_specification.rb:190:in `rescue in spec'
  activerecord (4.1.1) lib/active_record/connection_adapters/connection_specification.rb:187:in `spec'
  activerecord (4.1.1) lib/active_record/connection_handling.rb:50:in `establish_connection'
  activerecord (4.1.1) lib/active_record/railtie.rb:129:in `block (2 levels) in <class:Railtie>'
  activesupport (4.1.1) lib/active_support/lazy_load_hooks.rb:38:in `instance_eval'
  activesupport (4.1.1) lib/active_support/lazy_load_hooks.rb:38:in `execute_hook'
  activesupport (4.1.1) lib/active_support/lazy_load_hooks.rb:45:in `block in run_load_hooks'
  activesupport (4.1.1) lib/active_support/lazy_load_hooks.rb:44:in `each'
  activesupport (4.1.1) lib/active_support/lazy_load_hooks.rb:44:in `run_load_hooks'
  activerecord (4.1.1) lib/active_record/base.rb:326:in `<module:ActiveRecord>'
  activerecord (4.1.1) lib/active_record/base.rb:23:in `<top (required)>'
  activerecord (4.1.1) lib/active_record/connection_adapters/abstract/connection_pool.rb:628:in `rescue in call'
  activerecord (4.1.1) lib/active_record/connection_adapters/abstract/connection_pool.rb:619:in `call'
  activerecord (4.1.1) lib/active_record/migration.rb:380:in `call'
  actionpack (4.1.1) lib/action_dispatch/middleware/callbacks.rb:29:in `block in call'
  activesupport (4.1.1) lib/active_support/callbacks.rb:82:in `run_callbacks'
  actionpack (4.1.1) lib/action_dispatch/middleware/callbacks.rb:27:in `call'
  actionpack (4.1.1) lib/action_dispatch/middleware/reloader.rb:73:in `call'
  actionpack (4.1.1) lib/action_dispatch/middleware/remote_ip.rb:76:in `call'
  actionpack (4.1.1) lib/action_dispatch/middleware/debug_exceptions.rb:17:in `call'
  actionpack (4.1.1) lib/action_dispatch/middleware/show_exceptions.rb:30:in `call'
  railties (4.1.1) lib/rails/rack/logger.rb:38:in `call_app'
  railties (4.1.1) lib/rails/rack/logger.rb:20:in `block in call'
  activesupport (4.1.1) lib/active_support/tagged_logging.rb:68:in `block in tagged'
  activesupport (4.1.1) lib/active_support/tagged_logging.rb:26:in `tagged'
  activesupport (4.1.1) lib/active_support/tagged_logging.rb:68:in `tagged'
  railties (4.1.1) lib/rails/rack/logger.rb:20:in `call'
  actionpack (4.1.1) lib/action_dispatch/middleware/request_id.rb:21:in `call'
  rack (1.5.2) lib/rack/methodoverride.rb:21:in `call'
  rack (1.5.2) lib/rack/runtime.rb:17:in `call'
  activesupport (4.1.1) lib/active_support/cache/strategy/local_cache_middleware.rb:26:in `call'
  rack (1.5.2) lib/rack/lock.rb:17:in `call'
  actionpack (4.1.1) lib/action_dispatch/middleware/static.rb:64:in `call'
  rack (1.5.2) lib/rack/sendfile.rb:112:in `call'
  railties (4.1.1) lib/rails/engine.rb:514:in `call'
  railties (4.1.1) lib/rails/application.rb:144:in `call'
  rack (1.5.2) lib/rack/lock.rb:17:in `call'
  rack (1.5.2) lib/rack/content_length.rb:14:in `call'
  rack (1.5.2) lib/rack/handler/webrick.rb:60:in `service'
  /Users/ryanyu/.rvm/rubies/ruby-2.1.2/lib/ruby/2.1.0/webrick/httpserver.rb:138:in `service'
  /Users/ryanyu/.rvm/rubies/ruby-2.1.2/lib/ruby/2.1.0/webrick/httpserver.rb:94:in `run'
  /Users/ryanyu/.rvm/rubies/ruby-2.1.2/lib/ruby/2.1.0/webrick/server.rb:295:in `block in start_thread'


  Rendered /Users/ryanyu/.rvm/gems/ruby-2.1.2/gems/actionpack-4.1.1/lib/action_dispatch/middleware/templates/rescues/_source.erb (0.8ms)
  Rendered /Users/ryanyu/.rvm/gems/ruby-2.1.2/gems/actionpack-4.1.1/lib/action_dispatch/middleware/templates/rescues/_trace.html.erb (2.1ms)
  Rendered /Users/ryanyu/.rvm/gems/ruby-2.1.2/gems/actionpack-4.1.1/lib/action_dispatch/middleware/templates/rescues/_request_and_response.html.erb (1.1ms)
  Rendered /Users/ryanyu/.rvm/gems/ruby-2.1.2/gems/actionpack-4.1.1/lib/action_dispatch/middleware/templates/rescues/diagnostics.erb within rescues/layout (28.1ms)


Started GET "/" for 127.0.0.1 at 2014-09-10 10:14:25 +0800

Gem::LoadError (Specified 'mysql2' for database adapter, but the gem is not loaded. Add `gem 'mysql2'` to your Gemfile (and ensure its version is at the minimum required by ActiveRecord).):
  activerecord (4.1.1) lib/active_record/connection_adapters/connection_specification.rb:190:in `rescue in spec'
  activerecord (4.1.1) lib/active_record/connection_adapters/connection_specification.rb:187:in `spec'
  activerecord (4.1.1) lib/active_record/connection_handling.rb:50:in `establish_connection'
  activerecord (4.1.1) lib/active_record/railtie.rb:129:in `block (2 levels) in <class:Railtie>'
  activesupport (4.1.1) lib/active_support/lazy_load_hooks.rb:38:in `instance_eval'
  activesupport (4.1.1) lib/active_support/lazy_load_hooks.rb:38:in `execute_hook'
  activesupport (4.1.1) lib/active_support/lazy_load_hooks.rb:45:in `block in run_load_hooks'
  activesupport (4.1.1) lib/active_support/lazy_load_hooks.rb:44:in `each'
  activesupport (4.1.1) lib/active_support/lazy_load_hooks.rb:44:in `run_load_hooks'
  activerecord (4.1.1) lib/active_record/base.rb:326:in `<module:ActiveRecord>'
  activerecord (4.1.1) lib/active_record/base.rb:23:in `<top (required)>'
  activerecord (4.1.1) lib/active_record/connection_adapters/abstract/connection_pool.rb:628:in `rescue in call'
  activerecord (4.1.1) lib/active_record/connection_adapters/abstract/connection_pool.rb:619:in `call'
  activerecord (4.1.1) lib/active_record/migration.rb:380:in `call'
  actionpack (4.1.1) lib/action_dispatch/middleware/callbacks.rb:29:in `block in call'
  activesupport (4.1.1) lib/active_support/callbacks.rb:82:in `run_callbacks'
  actionpack (4.1.1) lib/action_dispatch/middleware/callbacks.rb:27:in `call'
  actionpack (4.1.1) lib/action_dispatch/middleware/reloader.rb:73:in `call'
  actionpack (4.1.1) lib/action_dispatch/middleware/remote_ip.rb:76:in `call'
  actionpack (4.1.1) lib/action_dispatch/middleware/debug_exceptions.rb:17:in `call'
  actionpack (4.1.1) lib/action_dispatch/middleware/show_exceptions.rb:30:in `call'
  railties (4.1.1) lib/rails/rack/logger.rb:38:in `call_app'
  railties (4.1.1) lib/rails/rack/logger.rb:20:in `block in call'
  activesupport (4.1.1) lib/active_support/tagged_logging.rb:68:in `block in tagged'
  activesupport (4.1.1) lib/active_support/tagged_logging.rb:26:in `tagged'
  activesupport (4.1.1) lib/active_support/tagged_logging.rb:68:in `tagged'
  railties (4.1.1) lib/rails/rack/logger.rb:20:in `call'
  actionpack (4.1.1) lib/action_dispatch/middleware/request_id.rb:21:in `call'
  rack (1.5.2) lib/rack/methodoverride.rb:21:in `call'
  rack (1.5.2) lib/rack/runtime.rb:17:in `call'
  activesupport (4.1.1) lib/active_support/cache/strategy/local_cache_middleware.rb:26:in `call'
  rack (1.5.2) lib/rack/lock.rb:17:in `call'
  actionpack (4.1.1) lib/action_dispatch/middleware/static.rb:64:in `call'
  rack (1.5.2) lib/rack/sendfile.rb:112:in `call'
  railties (4.1.1) lib/rails/engine.rb:514:in `call'
  railties (4.1.1) lib/rails/application.rb:144:in `call'
  rack (1.5.2) lib/rack/lock.rb:17:in `call'
  rack (1.5.2) lib/rack/content_length.rb:14:in `call'
  rack (1.5.2) lib/rack/handler/webrick.rb:60:in `service'
  /Users/ryanyu/.rvm/rubies/ruby-2.1.2/lib/ruby/2.1.0/webrick/httpserver.rb:138:in `service'
  /Users/ryanyu/.rvm/rubies/ruby-2.1.2/lib/ruby/2.1.0/webrick/httpserver.rb:94:in `run'
  /Users/ryanyu/.rvm/rubies/ruby-2.1.2/lib/ruby/2.1.0/webrick/server.rb:295:in `block in start_thread'


  Rendered /Users/ryanyu/.rvm/gems/ruby-2.1.2/gems/actionpack-4.1.1/lib/action_dispatch/middleware/templates/rescues/_source.erb (0.7ms)
  Rendered /Users/ryanyu/.rvm/gems/ruby-2.1.2/gems/actionpack-4.1.1/lib/action_dispatch/middleware/templates/rescues/_trace.html.erb (1.3ms)
  Rendered /Users/ryanyu/.rvm/gems/ruby-2.1.2/gems/actionpack-4.1.1/lib/action_dispatch/middleware/templates/rescues/_request_and_response.html.erb (1.5ms)
  Rendered /Users/ryanyu/.rvm/gems/ruby-2.1.2/gems/actionpack-4.1.1/lib/action_dispatch/middleware/templates/rescues/diagnostics.erb within rescues/layout (22.4ms)


Started GET "/" for 127.0.0.1 at 2014-09-10 10:14:28 +0800

Gem::LoadError (Specified 'mysql2' for database adapter, but the gem is not loaded. Add `gem 'mysql2'` to your Gemfile (and ensure its version is at the minimum required by ActiveRecord).):
  activerecord (4.1.1) lib/active_record/connection_adapters/connection_specification.rb:190:in `rescue in spec'
  activerecord (4.1.1) lib/active_record/connection_adapters/connection_specification.rb:187:in `spec'
  activerecord (4.1.1) lib/active_record/connection_handling.rb:50:in `establish_connection'
  activerecord (4.1.1) lib/active_record/railtie.rb:129:in `block (2 levels) in <class:Railtie>'
  activesupport (4.1.1) lib/active_support/lazy_load_hooks.rb:38:in `instance_eval'
  activesupport (4.1.1) lib/active_support/lazy_load_hooks.rb:38:in `execute_hook'
  activesupport (4.1.1) lib/active_support/lazy_load_hooks.rb:45:in `block in run_load_hooks'
  activesupport (4.1.1) lib/active_support/lazy_load_hooks.rb:44:in `each'
  activesupport (4.1.1) lib/active_support/lazy_load_hooks.rb:44:in `run_load_hooks'
  activerecord (4.1.1) lib/active_record/base.rb:326:in `<module:ActiveRecord>'
  activerecord (4.1.1) lib/active_record/base.rb:23:in `<top (required)>'
  activerecord (4.1.1) lib/active_record/connection_adapters/abstract/connection_pool.rb:628:in `rescue in call'
  activerecord (4.1.1) lib/active_record/connection_adapters/abstract/connection_pool.rb:619:in `call'
  activerecord (4.1.1) lib/active_record/migration.rb:380:in `call'
  actionpack (4.1.1) lib/action_dispatch/middleware/callbacks.rb:29:in `block in call'
  activesupport (4.1.1) lib/active_support/callbacks.rb:82:in `run_callbacks'
  actionpack (4.1.1) lib/action_dispatch/middleware/callbacks.rb:27:in `call'
  actionpack (4.1.1) lib/action_dispatch/middleware/reloader.rb:73:in `call'
  actionpack (4.1.1) lib/action_dispatch/middleware/remote_ip.rb:76:in `call'
  actionpack (4.1.1) lib/action_dispatch/middleware/debug_exceptions.rb:17:in `call'
  actionpack (4.1.1) lib/action_dispatch/middleware/show_exceptions.rb:30:in `call'
  railties (4.1.1) lib/rails/rack/logger.rb:38:in `call_app'
  railties (4.1.1) lib/rails/rack/logger.rb:20:in `block in call'
  activesupport (4.1.1) lib/active_support/tagged_logging.rb:68:in `block in tagged'
  activesupport (4.1.1) lib/active_support/tagged_logging.rb:26:in `tagged'
  activesupport (4.1.1) lib/active_support/tagged_logging.rb:68:in `tagged'
  railties (4.1.1) lib/rails/rack/logger.rb:20:in `call'
  actionpack (4.1.1) lib/action_dispatch/middleware/request_id.rb:21:in `call'
  rack (1.5.2) lib/rack/methodoverride.rb:21:in `call'
  rack (1.5.2) lib/rack/runtime.rb:17:in `call'
  activesupport (4.1.1) lib/active_support/cache/strategy/local_cache_middleware.rb:26:in `call'
  rack (1.5.2) lib/rack/lock.rb:17:in `call'
  actionpack (4.1.1) lib/action_dispatch/middleware/static.rb:64:in `call'
  rack (1.5.2) lib/rack/sendfile.rb:112:in `call'
  railties (4.1.1) lib/rails/engine.rb:514:in `call'
  railties (4.1.1) lib/rails/application.rb:144:in `call'
  rack (1.5.2) lib/rack/lock.rb:17:in `call'
  rack (1.5.2) lib/rack/content_length.rb:14:in `call'
  rack (1.5.2) lib/rack/handler/webrick.rb:60:in `service'
  /Users/ryanyu/.rvm/rubies/ruby-2.1.2/lib/ruby/2.1.0/webrick/httpserver.rb:138:in `service'
  /Users/ryanyu/.rvm/rubies/ruby-2.1.2/lib/ruby/2.1.0/webrick/httpserver.rb:94:in `run'
  /Users/ryanyu/.rvm/rubies/ruby-2.1.2/lib/ruby/2.1.0/webrick/server.rb:295:in `block in start_thread'


  Rendered /Users/ryanyu/.rvm/gems/ruby-2.1.2/gems/actionpack-4.1.1/lib/action_dispatch/middleware/templates/rescues/_source.erb (0.8ms)
  Rendered /Users/ryanyu/.rvm/gems/ruby-2.1.2/gems/actionpack-4.1.1/lib/action_dispatch/middleware/templates/rescues/_trace.html.erb (1.9ms)
  Rendered /Users/ryanyu/.rvm/gems/ruby-2.1.2/gems/actionpack-4.1.1/lib/action_dispatch/middleware/templates/rescues/_request_and_response.html.erb (1.1ms)
  Rendered /Users/ryanyu/.rvm/gems/ruby-2.1.2/gems/actionpack-4.1.1/lib/action_dispatch/middleware/templates/rescues/diagnostics.erb within rescues/layout (18.7ms)


Started GET "/" for 127.0.0.1 at 2014-09-10 10:35:42 +0800

LoadError (Could not load 'active_record/connection_adapters/ruby-mysql_adapter'. Make sure that the adapter in config/database.yml is valid. If you use an adapter other than 'mysql', 'mysql2', 'postgresql' or 'sqlite3' add the necessary adapter gem to the Gemfile.):
  activesupport (4.1.1) lib/active_support/dependencies.rb:247:in `require'
  activesupport (4.1.1) lib/active_support/dependencies.rb:247:in `block in require'
  activesupport (4.1.1) lib/active_support/dependencies.rb:232:in `load_dependency'
  activesupport (4.1.1) lib/active_support/dependencies.rb:247:in `require'
  activerecord (4.1.1) lib/active_record/connection_adapters/connection_specification.rb:188:in `spec'
  activerecord (4.1.1) lib/active_record/connection_handling.rb:50:in `establish_connection'
  activerecord (4.1.1) lib/active_record/railtie.rb:129:in `block (2 levels) in <class:Railtie>'
  activesupport (4.1.1) lib/active_support/lazy_load_hooks.rb:38:in `instance_eval'
  activesupport (4.1.1) lib/active_support/lazy_load_hooks.rb:38:in `execute_hook'
  activesupport (4.1.1) lib/active_support/lazy_load_hooks.rb:45:in `block in run_load_hooks'
  activesupport (4.1.1) lib/active_support/lazy_load_hooks.rb:44:in `each'
  activesupport (4.1.1) lib/active_support/lazy_load_hooks.rb:44:in `run_load_hooks'
  activerecord (4.1.1) lib/active_record/base.rb:326:in `<module:ActiveRecord>'
  activerecord (4.1.1) lib/active_record/base.rb:23:in `<top (required)>'
  activerecord (4.1.1) lib/active_record/connection_adapters/abstract/connection_pool.rb:628:in `rescue in call'
  activerecord (4.1.1) lib/active_record/connection_adapters/abstract/connection_pool.rb:619:in `call'
  activerecord (4.1.1) lib/active_record/migration.rb:380:in `call'
  actionpack (4.1.1) lib/action_dispatch/middleware/callbacks.rb:29:in `block in call'
  activesupport (4.1.1) lib/active_support/callbacks.rb:82:in `run_callbacks'
  actionpack (4.1.1) lib/action_dispatch/middleware/callbacks.rb:27:in `call'
  actionpack (4.1.1) lib/action_dispatch/middleware/reloader.rb:73:in `call'
  actionpack (4.1.1) lib/action_dispatch/middleware/remote_ip.rb:76:in `call'
  actionpack (4.1.1) lib/action_dispatch/middleware/debug_exceptions.rb:17:in `call'
  actionpack (4.1.1) lib/action_dispatch/middleware/show_exceptions.rb:30:in `call'
  railties (4.1.1) lib/rails/rack/logger.rb:38:in `call_app'
  railties (4.1.1) lib/rails/rack/logger.rb:20:in `block in call'
  activesupport (4.1.1) lib/active_support/tagged_logging.rb:68:in `block in tagged'
  activesupport (4.1.1) lib/active_support/tagged_logging.rb:26:in `tagged'
  activesupport (4.1.1) lib/active_support/tagged_logging.rb:68:in `tagged'
  railties (4.1.1) lib/rails/rack/logger.rb:20:in `call'
  actionpack (4.1.1) lib/action_dispatch/middleware/request_id.rb:21:in `call'
  rack (1.5.2) lib/rack/methodoverride.rb:21:in `call'
  rack (1.5.2) lib/rack/runtime.rb:17:in `call'
  activesupport (4.1.1) lib/active_support/cache/strategy/local_cache_middleware.rb:26:in `call'
  rack (1.5.2) lib/rack/lock.rb:17:in `call'
  actionpack (4.1.1) lib/action_dispatch/middleware/static.rb:64:in `call'
  rack (1.5.2) lib/rack/sendfile.rb:112:in `call'
  railties (4.1.1) lib/rails/engine.rb:514:in `call'
  railties (4.1.1) lib/rails/application.rb:144:in `call'
  rack (1.5.2) lib/rack/lock.rb:17:in `call'
  rack (1.5.2) lib/rack/content_length.rb:14:in `call'
  rack (1.5.2) lib/rack/handler/webrick.rb:60:in `service'
  /Users/ryanyu/.rvm/rubies/ruby-2.1.2/lib/ruby/2.1.0/webrick/httpserver.rb:138:in `service'
  /Users/ryanyu/.rvm/rubies/ruby-2.1.2/lib/ruby/2.1.0/webrick/httpserver.rb:94:in `run'
  /Users/ryanyu/.rvm/rubies/ruby-2.1.2/lib/ruby/2.1.0/webrick/server.rb:295:in `block in start_thread'


  Rendered /Users/ryanyu/.rvm/gems/ruby-2.1.2/gems/actionpack-4.1.1/lib/action_dispatch/middleware/templates/rescues/_source.erb (0.8ms)
  Rendered /Users/ryanyu/.rvm/gems/ruby-2.1.2/gems/actionpack-4.1.1/lib/action_dispatch/middleware/templates/rescues/_trace.html.erb (1.3ms)
  Rendered /Users/ryanyu/.rvm/gems/ruby-2.1.2/gems/actionpack-4.1.1/lib/action_dispatch/middleware/templates/rescues/_request_and_response.html.erb (1.1ms)
  Rendered /Users/ryanyu/.rvm/gems/ruby-2.1.2/gems/actionpack-4.1.1/lib/action_dispatch/middleware/templates/rescues/diagnostics.erb within rescues/layout (24.3ms)


Started GET "/" for 127.0.0.1 at 2014-09-10 10:38:18 +0800

LoadError (Could not load 'active_record/connection_adapters/ruby-mysql_adapter'. Make sure that the adapter in config/database.yml is valid. If you use an adapter other than 'mysql', 'mysql2', 'postgresql' or 'sqlite3' add the necessary adapter gem to the Gemfile.):
  activesupport (4.1.1) lib/active_support/dependencies.rb:247:in `require'
  activesupport (4.1.1) lib/active_support/dependencies.rb:247:in `block in require'
  activesupport (4.1.1) lib/active_support/dependencies.rb:232:in `load_dependency'
  activesupport (4.1.1) lib/active_support/dependencies.rb:247:in `require'
  activerecord (4.1.1) lib/active_record/connection_adapters/connection_specification.rb:188:in `spec'
  activerecord (4.1.1) lib/active_record/connection_handling.rb:50:in `establish_connection'
  activerecord (4.1.1) lib/active_record/railtie.rb:129:in `block (2 levels) in <class:Railtie>'
  activesupport (4.1.1) lib/active_support/lazy_load_hooks.rb:38:in `instance_eval'
  activesupport (4.1.1) lib/active_support/lazy_load_hooks.rb:38:in `execute_hook'
  activesupport (4.1.1) lib/active_support/lazy_load_hooks.rb:45:in `block in run_load_hooks'
  activesupport (4.1.1) lib/active_support/lazy_load_hooks.rb:44:in `each'
  activesupport (4.1.1) lib/active_support/lazy_load_hooks.rb:44:in `run_load_hooks'
  activerecord (4.1.1) lib/active_record/base.rb:326:in `<module:ActiveRecord>'
  activerecord (4.1.1) lib/active_record/base.rb:23:in `<top (required)>'
  activerecord (4.1.1) lib/active_record/connection_adapters/abstract/connection_pool.rb:628:in `rescue in call'
  activerecord (4.1.1) lib/active_record/connection_adapters/abstract/connection_pool.rb:619:in `call'
  activerecord (4.1.1) lib/active_record/migration.rb:380:in `call'
  actionpack (4.1.1) lib/action_dispatch/middleware/callbacks.rb:29:in `block in call'
  activesupport (4.1.1) lib/active_support/callbacks.rb:82:in `run_callbacks'
  actionpack (4.1.1) lib/action_dispatch/middleware/callbacks.rb:27:in `call'
  actionpack (4.1.1) lib/action_dispatch/middleware/reloader.rb:73:in `call'
  actionpack (4.1.1) lib/action_dispatch/middleware/remote_ip.rb:76:in `call'
  actionpack (4.1.1) lib/action_dispatch/middleware/debug_exceptions.rb:17:in `call'
  actionpack (4.1.1) lib/action_dispatch/middleware/show_exceptions.rb:30:in `call'
  railties (4.1.1) lib/rails/rack/logger.rb:38:in `call_app'
  railties (4.1.1) lib/rails/rack/logger.rb:20:in `block in call'
  activesupport (4.1.1) lib/active_support/tagged_logging.rb:68:in `block in tagged'
  activesupport (4.1.1) lib/active_support/tagged_logging.rb:26:in `tagged'
  activesupport (4.1.1) lib/active_support/tagged_logging.rb:68:in `tagged'
  railties (4.1.1) lib/rails/rack/logger.rb:20:in `call'
  actionpack (4.1.1) lib/action_dispatch/middleware/request_id.rb:21:in `call'
  rack (1.5.2) lib/rack/methodoverride.rb:21:in `call'
  rack (1.5.2) lib/rack/runtime.rb:17:in `call'
  activesupport (4.1.1) lib/active_support/cache/strategy/local_cache_middleware.rb:26:in `call'
  rack (1.5.2) lib/rack/lock.rb:17:in `call'
  actionpack (4.1.1) lib/action_dispatch/middleware/static.rb:64:in `call'
  rack (1.5.2) lib/rack/sendfile.rb:112:in `call'
  railties (4.1.1) lib/rails/engine.rb:514:in `call'
  railties (4.1.1) lib/rails/application.rb:144:in `call'
  rack (1.5.2) lib/rack/lock.rb:17:in `call'
  rack (1.5.2) lib/rack/content_length.rb:14:in `call'
  rack (1.5.2) lib/rack/handler/webrick.rb:60:in `service'
  /Users/ryanyu/.rvm/rubies/ruby-2.1.2/lib/ruby/2.1.0/webrick/httpserver.rb:138:in `service'
  /Users/ryanyu/.rvm/rubies/ruby-2.1.2/lib/ruby/2.1.0/webrick/httpserver.rb:94:in `run'
  /Users/ryanyu/.rvm/rubies/ruby-2.1.2/lib/ruby/2.1.0/webrick/server.rb:295:in `block in start_thread'


  Rendered /Users/ryanyu/.rvm/gems/ruby-2.1.2/gems/actionpack-4.1.1/lib/action_dispatch/middleware/templates/rescues/_source.erb (0.7ms)
  Rendered /Users/ryanyu/.rvm/gems/ruby-2.1.2/gems/actionpack-4.1.1/lib/action_dispatch/middleware/templates/rescues/_trace.html.erb (1.4ms)
  Rendered /Users/ryanyu/.rvm/gems/ruby-2.1.2/gems/actionpack-4.1.1/lib/action_dispatch/middleware/templates/rescues/_request_and_response.html.erb (1.1ms)
  Rendered /Users/ryanyu/.rvm/gems/ruby-2.1.2/gems/actionpack-4.1.1/lib/action_dispatch/middleware/templates/rescues/diagnostics.erb within rescues/layout (22.2ms)


Started GET "/" for 127.0.0.1 at 2014-09-10 11:32:30 +0800

Gem::LoadError (Specified 'mysql' for database adapter, but the gem is not loaded. Add `gem 'mysql'` to your Gemfile (and ensure its version is at the minimum required by ActiveRecord).):
  activerecord (4.1.1) lib/active_record/connection_adapters/connection_specification.rb:190:in `rescue in spec'
  activerecord (4.1.1) lib/active_record/connection_adapters/connection_specification.rb:187:in `spec'
  activerecord (4.1.1) lib/active_record/connection_handling.rb:50:in `establish_connection'
  activerecord (4.1.1) lib/active_record/railtie.rb:129:in `block (2 levels) in <class:Railtie>'
  activesupport (4.1.1) lib/active_support/lazy_load_hooks.rb:38:in `instance_eval'
  activesupport (4.1.1) lib/active_support/lazy_load_hooks.rb:38:in `execute_hook'
  activesupport (4.1.1) lib/active_support/lazy_load_hooks.rb:45:in `block in run_load_hooks'
  activesupport (4.1.1) lib/active_support/lazy_load_hooks.rb:44:in `each'
  activesupport (4.1.1) lib/active_support/lazy_load_hooks.rb:44:in `run_load_hooks'
  activerecord (4.1.1) lib/active_record/base.rb:326:in `<module:ActiveRecord>'
  activerecord (4.1.1) lib/active_record/base.rb:23:in `<top (required)>'
  activerecord (4.1.1) lib/active_record/connection_adapters/abstract/connection_pool.rb:628:in `rescue in call'
  activerecord (4.1.1) lib/active_record/connection_adapters/abstract/connection_pool.rb:619:in `call'
  activerecord (4.1.1) lib/active_record/migration.rb:380:in `call'
  actionpack (4.1.1) lib/action_dispatch/middleware/callbacks.rb:29:in `block in call'
  activesupport (4.1.1) lib/active_support/callbacks.rb:82:in `run_callbacks'
  actionpack (4.1.1) lib/action_dispatch/middleware/callbacks.rb:27:in `call'
  actionpack (4.1.1) lib/action_dispatch/middleware/reloader.rb:73:in `call'
  actionpack (4.1.1) lib/action_dispatch/middleware/remote_ip.rb:76:in `call'
  actionpack (4.1.1) lib/action_dispatch/middleware/debug_exceptions.rb:17:in `call'
  actionpack (4.1.1) lib/action_dispatch/middleware/show_exceptions.rb:30:in `call'
  railties (4.1.1) lib/rails/rack/logger.rb:38:in `call_app'
  railties (4.1.1) lib/rails/rack/logger.rb:20:in `block in call'
  activesupport (4.1.1) lib/active_support/tagged_logging.rb:68:in `block in tagged'
  activesupport (4.1.1) lib/active_support/tagged_logging.rb:26:in `tagged'
  activesupport (4.1.1) lib/active_support/tagged_logging.rb:68:in `tagged'
  railties (4.1.1) lib/rails/rack/logger.rb:20:in `call'
  actionpack (4.1.1) lib/action_dispatch/middleware/request_id.rb:21:in `call'
  rack (1.5.2) lib/rack/methodoverride.rb:21:in `call'
  rack (1.5.2) lib/rack/runtime.rb:17:in `call'
  activesupport (4.1.1) lib/active_support/cache/strategy/local_cache_middleware.rb:26:in `call'
  rack (1.5.2) lib/rack/lock.rb:17:in `call'
  actionpack (4.1.1) lib/action_dispatch/middleware/static.rb:64:in `call'
  rack (1.5.2) lib/rack/sendfile.rb:112:in `call'
  railties (4.1.1) lib/rails/engine.rb:514:in `call'
  railties (4.1.1) lib/rails/application.rb:144:in `call'
  rack (1.5.2) lib/rack/lock.rb:17:in `call'
  rack (1.5.2) lib/rack/content_length.rb:14:in `call'
  rack (1.5.2) lib/rack/handler/webrick.rb:60:in `service'
  /Users/ryanyu/.rvm/rubies/ruby-2.1.2/lib/ruby/2.1.0/webrick/httpserver.rb:138:in `service'
  /Users/ryanyu/.rvm/rubies/ruby-2.1.2/lib/ruby/2.1.0/webrick/httpserver.rb:94:in `run'
  /Users/ryanyu/.rvm/rubies/ruby-2.1.2/lib/ruby/2.1.0/webrick/server.rb:295:in `block in start_thread'


  Rendered /Users/ryanyu/.rvm/gems/ruby-2.1.2/gems/actionpack-4.1.1/lib/action_dispatch/middleware/templates/rescues/_source.erb (1.1ms)
  Rendered /Users/ryanyu/.rvm/gems/ruby-2.1.2/gems/actionpack-4.1.1/lib/action_dispatch/middleware/templates/rescues/_trace.html.erb (1.7ms)
  Rendered /Users/ryanyu/.rvm/gems/ruby-2.1.2/gems/actionpack-4.1.1/lib/action_dispatch/middleware/templates/rescues/_request_and_response.html.erb (1.1ms)
  Rendered /Users/ryanyu/.rvm/gems/ruby-2.1.2/gems/actionpack-4.1.1/lib/action_dispatch/middleware/templates/rescues/diagnostics.erb within rescues/layout (27.4ms)


Started GET "/" for 127.0.0.1 at 2014-09-10 11:33:27 +0800

LoadError (Could not load 'active_record/connection_adapters/ruby-mysql_adapter'. Make sure that the adapter in config/database.yml is valid. If you use an adapter other than 'mysql', 'mysql2', 'postgresql' or 'sqlite3' add the necessary adapter gem to the Gemfile.):
  activesupport (4.1.1) lib/active_support/dependencies.rb:247:in `require'
  activesupport (4.1.1) lib/active_support/dependencies.rb:247:in `block in require'
  activesupport (4.1.1) lib/active_support/dependencies.rb:232:in `load_dependency'
  activesupport (4.1.1) lib/active_support/dependencies.rb:247:in `require'
  activerecord (4.1.1) lib/active_record/connection_adapters/connection_specification.rb:188:in `spec'
  activerecord (4.1.1) lib/active_record/connection_handling.rb:50:in `establish_connection'
  activerecord (4.1.1) lib/active_record/railtie.rb:129:in `block (2 levels) in <class:Railtie>'
  activesupport (4.1.1) lib/active_support/lazy_load_hooks.rb:38:in `instance_eval'
  activesupport (4.1.1) lib/active_support/lazy_load_hooks.rb:38:in `execute_hook'
  activesupport (4.1.1) lib/active_support/lazy_load_hooks.rb:45:in `block in run_load_hooks'
  activesupport (4.1.1) lib/active_support/lazy_load_hooks.rb:44:in `each'
  activesupport (4.1.1) lib/active_support/lazy_load_hooks.rb:44:in `run_load_hooks'
  activerecord (4.1.1) lib/active_record/base.rb:326:in `<module:ActiveRecord>'
  activerecord (4.1.1) lib/active_record/base.rb:23:in `<top (required)>'
  activerecord (4.1.1) lib/active_record/connection_adapters/abstract/connection_pool.rb:628:in `rescue in call'
  activerecord (4.1.1) lib/active_record/connection_adapters/abstract/connection_pool.rb:619:in `call'
  activerecord (4.1.1) lib/active_record/migration.rb:380:in `call'
  actionpack (4.1.1) lib/action_dispatch/middleware/callbacks.rb:29:in `block in call'
  activesupport (4.1.1) lib/active_support/callbacks.rb:82:in `run_callbacks'
  actionpack (4.1.1) lib/action_dispatch/middleware/callbacks.rb:27:in `call'
  actionpack (4.1.1) lib/action_dispatch/middleware/reloader.rb:73:in `call'
  actionpack (4.1.1) lib/action_dispatch/middleware/remote_ip.rb:76:in `call'
  actionpack (4.1.1) lib/action_dispatch/middleware/debug_exceptions.rb:17:in `call'
  actionpack (4.1.1) lib/action_dispatch/middleware/show_exceptions.rb:30:in `call'
  railties (4.1.1) lib/rails/rack/logger.rb:38:in `call_app'
  railties (4.1.1) lib/rails/rack/logger.rb:20:in `block in call'
  activesupport (4.1.1) lib/active_support/tagged_logging.rb:68:in `block in tagged'
  activesupport (4.1.1) lib/active_support/tagged_logging.rb:26:in `tagged'
  activesupport (4.1.1) lib/active_support/tagged_logging.rb:68:in `tagged'
  railties (4.1.1) lib/rails/rack/logger.rb:20:in `call'
  actionpack (4.1.1) lib/action_dispatch/middleware/request_id.rb:21:in `call'
  rack (1.5.2) lib/rack/methodoverride.rb:21:in `call'
  rack (1.5.2) lib/rack/runtime.rb:17:in `call'
  activesupport (4.1.1) lib/active_support/cache/strategy/local_cache_middleware.rb:26:in `call'
  rack (1.5.2) lib/rack/lock.rb:17:in `call'
  actionpack (4.1.1) lib/action_dispatch/middleware/static.rb:64:in `call'
  rack (1.5.2) lib/rack/sendfile.rb:112:in `call'
  railties (4.1.1) lib/rails/engine.rb:514:in `call'
  railties (4.1.1) lib/rails/application.rb:144:in `call'
  rack (1.5.2) lib/rack/lock.rb:17:in `call'
  rack (1.5.2) lib/rack/content_length.rb:14:in `call'
  rack (1.5.2) lib/rack/handler/webrick.rb:60:in `service'
  /Users/ryanyu/.rvm/rubies/ruby-2.1.2/lib/ruby/2.1.0/webrick/httpserver.rb:138:in `service'
  /Users/ryanyu/.rvm/rubies/ruby-2.1.2/lib/ruby/2.1.0/webrick/httpserver.rb:94:in `run'
  /Users/ryanyu/.rvm/rubies/ruby-2.1.2/lib/ruby/2.1.0/webrick/server.rb:295:in `block in start_thread'


  Rendered /Users/ryanyu/.rvm/gems/ruby-2.1.2/gems/actionpack-4.1.1/lib/action_dispatch/middleware/templates/rescues/_source.erb (9.1ms)
  Rendered /Users/ryanyu/.rvm/gems/ruby-2.1.2/gems/actionpack-4.1.1/lib/action_dispatch/middleware/templates/rescues/_trace.html.erb (1.4ms)
  Rendered /Users/ryanyu/.rvm/gems/ruby-2.1.2/gems/actionpack-4.1.1/lib/action_dispatch/middleware/templates/rescues/_request_and_response.html.erb (1.1ms)
  Rendered /Users/ryanyu/.rvm/gems/ruby-2.1.2/gems/actionpack-4.1.1/lib/action_dispatch/middleware/templates/rescues/diagnostics.erb within rescues/layout (36.8ms)


Started GET "/" for 127.0.0.1 at 2014-09-10 11:38:15 +0800

LoadError (Could not load 'active_record/connection_adapters/ruby-mysql_adapter'. Make sure that the adapter in config/database.yml is valid. If you use an adapter other than 'mysql', 'mysql2', 'postgresql' or 'sqlite3' add the necessary adapter gem to the Gemfile.):
  activesupport (4.1.1) lib/active_support/dependencies.rb:247:in `require'
  activesupport (4.1.1) lib/active_support/dependencies.rb:247:in `block in require'
  activesupport (4.1.1) lib/active_support/dependencies.rb:232:in `load_dependency'
  activesupport (4.1.1) lib/active_support/dependencies.rb:247:in `require'
  activerecord (4.1.1) lib/active_record/connection_adapters/connection_specification.rb:188:in `spec'
  activerecord (4.1.1) lib/active_record/connection_handling.rb:50:in `establish_connection'
  activerecord (4.1.1) lib/active_record/railtie.rb:129:in `block (2 levels) in <class:Railtie>'
  activesupport (4.1.1) lib/active_support/lazy_load_hooks.rb:38:in `instance_eval'
  activesupport (4.1.1) lib/active_support/lazy_load_hooks.rb:38:in `execute_hook'
  activesupport (4.1.1) lib/active_support/lazy_load_hooks.rb:45:in `block in run_load_hooks'
  activesupport (4.1.1) lib/active_support/lazy_load_hooks.rb:44:in `each'
  activesupport (4.1.1) lib/active_support/lazy_load_hooks.rb:44:in `run_load_hooks'
  activerecord (4.1.1) lib/active_record/base.rb:326:in `<module:ActiveRecord>'
  activerecord (4.1.1) lib/active_record/base.rb:23:in `<top (required)>'
  activerecord (4.1.1) lib/active_record/connection_adapters/abstract/connection_pool.rb:628:in `rescue in call'
  activerecord (4.1.1) lib/active_record/connection_adapters/abstract/connection_pool.rb:619:in `call'
  activerecord (4.1.1) lib/active_record/migration.rb:380:in `call'
  actionpack (4.1.1) lib/action_dispatch/middleware/callbacks.rb:29:in `block in call'
  activesupport (4.1.1) lib/active_support/callbacks.rb:82:in `run_callbacks'
  actionpack (4.1.1) lib/action_dispatch/middleware/callbacks.rb:27:in `call'
  actionpack (4.1.1) lib/action_dispatch/middleware/reloader.rb:73:in `call'
  actionpack (4.1.1) lib/action_dispatch/middleware/remote_ip.rb:76:in `call'
  actionpack (4.1.1) lib/action_dispatch/middleware/debug_exceptions.rb:17:in `call'
  actionpack (4.1.1) lib/action_dispatch/middleware/show_exceptions.rb:30:in `call'
  railties (4.1.1) lib/rails/rack/logger.rb:38:in `call_app'
  railties (4.1.1) lib/rails/rack/logger.rb:20:in `block in call'
  activesupport (4.1.1) lib/active_support/tagged_logging.rb:68:in `block in tagged'
  activesupport (4.1.1) lib/active_support/tagged_logging.rb:26:in `tagged'
  activesupport (4.1.1) lib/active_support/tagged_logging.rb:68:in `tagged'
  railties (4.1.1) lib/rails/rack/logger.rb:20:in `call'
  actionpack (4.1.1) lib/action_dispatch/middleware/request_id.rb:21:in `call'
  rack (1.5.2) lib/rack/methodoverride.rb:21:in `call'
  rack (1.5.2) lib/rack/runtime.rb:17:in `call'
  activesupport (4.1.1) lib/active_support/cache/strategy/local_cache_middleware.rb:26:in `call'
  rack (1.5.2) lib/rack/lock.rb:17:in `call'
  actionpack (4.1.1) lib/action_dispatch/middleware/static.rb:64:in `call'
  rack (1.5.2) lib/rack/sendfile.rb:112:in `call'
  railties (4.1.1) lib/rails/engine.rb:514:in `call'
  railties (4.1.1) lib/rails/application.rb:144:in `call'
  rack (1.5.2) lib/rack/lock.rb:17:in `call'
  rack (1.5.2) lib/rack/content_length.rb:14:in `call'
  rack (1.5.2) lib/rack/handler/webrick.rb:60:in `service'
  /Users/ryanyu/.rvm/rubies/ruby-2.1.2/lib/ruby/2.1.0/webrick/httpserver.rb:138:in `service'
  /Users/ryanyu/.rvm/rubies/ruby-2.1.2/lib/ruby/2.1.0/webrick/httpserver.rb:94:in `run'
  /Users/ryanyu/.rvm/rubies/ruby-2.1.2/lib/ruby/2.1.0/webrick/server.rb:295:in `block in start_thread'


  Rendered /Users/ryanyu/.rvm/gems/ruby-2.1.2/gems/actionpack-4.1.1/lib/action_dispatch/middleware/templates/rescues/_source.erb (8.6ms)
  Rendered /Users/ryanyu/.rvm/gems/ruby-2.1.2/gems/actionpack-4.1.1/lib/action_dispatch/middleware/templates/rescues/_trace.html.erb (1.5ms)
  Rendered /Users/ryanyu/.rvm/gems/ruby-2.1.2/gems/actionpack-4.1.1/lib/action_dispatch/middleware/templates/rescues/_request_and_response.html.erb (1.2ms)
  Rendered /Users/ryanyu/.rvm/gems/ruby-2.1.2/gems/actionpack-4.1.1/lib/action_dispatch/middleware/templates/rescues/diagnostics.erb within rescues/layout (34.7ms)


Started GET "/" for 127.0.0.1 at 2014-09-10 11:38:18 +0800

LoadError (Could not load 'active_record/connection_adapters/ruby-mysql_adapter'. Make sure that the adapter in config/database.yml is valid. If you use an adapter other than 'mysql', 'mysql2', 'postgresql' or 'sqlite3' add the necessary adapter gem to the Gemfile.):
  activesupport (4.1.1) lib/active_support/dependencies.rb:247:in `require'
  activesupport (4.1.1) lib/active_support/dependencies.rb:247:in `block in require'
  activesupport (4.1.1) lib/active_support/dependencies.rb:232:in `load_dependency'
  activesupport (4.1.1) lib/active_support/dependencies.rb:247:in `require'
  activerecord (4.1.1) lib/active_record/connection_adapters/connection_specification.rb:188:in `spec'
  activerecord (4.1.1) lib/active_record/connection_handling.rb:50:in `establish_connection'
  activerecord (4.1.1) lib/active_record/railtie.rb:129:in `block (2 levels) in <class:Railtie>'
  activesupport (4.1.1) lib/active_support/lazy_load_hooks.rb:38:in `instance_eval'
  activesupport (4.1.1) lib/active_support/lazy_load_hooks.rb:38:in `execute_hook'
  activesupport (4.1.1) lib/active_support/lazy_load_hooks.rb:45:in `block in run_load_hooks'
  activesupport (4.1.1) lib/active_support/lazy_load_hooks.rb:44:in `each'
  activesupport (4.1.1) lib/active_support/lazy_load_hooks.rb:44:in `run_load_hooks'
  activerecord (4.1.1) lib/active_record/base.rb:326:in `<module:ActiveRecord>'
  activerecord (4.1.1) lib/active_record/base.rb:23:in `<top (required)>'
  activerecord (4.1.1) lib/active_record/connection_adapters/abstract/connection_pool.rb:628:in `rescue in call'
  activerecord (4.1.1) lib/active_record/connection_adapters/abstract/connection_pool.rb:619:in `call'
  activerecord (4.1.1) lib/active_record/migration.rb:380:in `call'
  actionpack (4.1.1) lib/action_dispatch/middleware/callbacks.rb:29:in `block in call'
  activesupport (4.1.1) lib/active_support/callbacks.rb:82:in `run_callbacks'
  actionpack (4.1.1) lib/action_dispatch/middleware/callbacks.rb:27:in `call'
  actionpack (4.1.1) lib/action_dispatch/middleware/reloader.rb:73:in `call'
  actionpack (4.1.1) lib/action_dispatch/middleware/remote_ip.rb:76:in `call'
  actionpack (4.1.1) lib/action_dispatch/middleware/debug_exceptions.rb:17:in `call'
  actionpack (4.1.1) lib/action_dispatch/middleware/show_exceptions.rb:30:in `call'
  railties (4.1.1) lib/rails/rack/logger.rb:38:in `call_app'
  railties (4.1.1) lib/rails/rack/logger.rb:20:in `block in call'
  activesupport (4.1.1) lib/active_support/tagged_logging.rb:68:in `block in tagged'
  activesupport (4.1.1) lib/active_support/tagged_logging.rb:26:in `tagged'
  activesupport (4.1.1) lib/active_support/tagged_logging.rb:68:in `tagged'
  railties (4.1.1) lib/rails/rack/logger.rb:20:in `call'
  actionpack (4.1.1) lib/action_dispatch/middleware/request_id.rb:21:in `call'
  rack (1.5.2) lib/rack/methodoverride.rb:21:in `call'
  rack (1.5.2) lib/rack/runtime.rb:17:in `call'
  activesupport (4.1.1) lib/active_support/cache/strategy/local_cache_middleware.rb:26:in `call'
  rack (1.5.2) lib/rack/lock.rb:17:in `call'
  actionpack (4.1.1) lib/action_dispatch/middleware/static.rb:64:in `call'
  rack (1.5.2) lib/rack/sendfile.rb:112:in `call'
  railties (4.1.1) lib/rails/engine.rb:514:in `call'
  railties (4.1.1) lib/rails/application.rb:144:in `call'
  rack (1.5.2) lib/rack/lock.rb:17:in `call'
  rack (1.5.2) lib/rack/content_length.rb:14:in `call'
  rack (1.5.2) lib/rack/handler/webrick.rb:60:in `service'
  /Users/ryanyu/.rvm/rubies/ruby-2.1.2/lib/ruby/2.1.0/webrick/httpserver.rb:138:in `service'
  /Users/ryanyu/.rvm/rubies/ruby-2.1.2/lib/ruby/2.1.0/webrick/httpserver.rb:94:in `run'
  /Users/ryanyu/.rvm/rubies/ruby-2.1.2/lib/ruby/2.1.0/webrick/server.rb:295:in `block in start_thread'


  Rendered /Users/ryanyu/.rvm/gems/ruby-2.1.2/gems/actionpack-4.1.1/lib/action_dispatch/middleware/templates/rescues/_source.erb (0.8ms)
  Rendered /Users/ryanyu/.rvm/gems/ruby-2.1.2/gems/actionpack-4.1.1/lib/action_dispatch/middleware/templates/rescues/_trace.html.erb (1.7ms)
  Rendered /Users/ryanyu/.rvm/gems/ruby-2.1.2/gems/actionpack-4.1.1/lib/action_dispatch/middleware/templates/rescues/_request_and_response.html.erb (1.0ms)
  Rendered /Users/ryanyu/.rvm/gems/ruby-2.1.2/gems/actionpack-4.1.1/lib/action_dispatch/middleware/templates/rescues/diagnostics.erb within rescues/layout (19.2ms)


Started GET "/" for 127.0.0.1 at 2014-09-10 11:58:16 +0800

LoadError (Could not load 'active_record/connection_adapters/activerecord-ruby_mysql-adapter_adapter'. Make sure that the adapter in config/database.yml is valid. If you use an adapter other than 'mysql', 'mysql2', 'postgresql' or 'sqlite3' add the necessary adapter gem to the Gemfile.):
  activesupport (4.1.1) lib/active_support/dependencies.rb:247:in `require'
  activesupport (4.1.1) lib/active_support/dependencies.rb:247:in `block in require'
  activesupport (4.1.1) lib/active_support/dependencies.rb:232:in `load_dependency'
  activesupport (4.1.1) lib/active_support/dependencies.rb:247:in `require'
  activerecord (4.1.1) lib/active_record/connection_adapters/connection_specification.rb:188:in `spec'
  activerecord (4.1.1) lib/active_record/connection_handling.rb:50:in `establish_connection'
  activerecord (4.1.1) lib/active_record/railtie.rb:129:in `block (2 levels) in <class:Railtie>'
  activesupport (4.1.1) lib/active_support/lazy_load_hooks.rb:38:in `instance_eval'
  activesupport (4.1.1) lib/active_support/lazy_load_hooks.rb:38:in `execute_hook'
  activesupport (4.1.1) lib/active_support/lazy_load_hooks.rb:45:in `block in run_load_hooks'
  activesupport (4.1.1) lib/active_support/lazy_load_hooks.rb:44:in `each'
  activesupport (4.1.1) lib/active_support/lazy_load_hooks.rb:44:in `run_load_hooks'
  activerecord (4.1.1) lib/active_record/base.rb:326:in `<module:ActiveRecord>'
  activerecord (4.1.1) lib/active_record/base.rb:23:in `<top (required)>'
  activerecord (4.1.1) lib/active_record/connection_adapters/abstract/connection_pool.rb:628:in `rescue in call'
  activerecord (4.1.1) lib/active_record/connection_adapters/abstract/connection_pool.rb:619:in `call'
  activerecord (4.1.1) lib/active_record/migration.rb:380:in `call'
  actionpack (4.1.1) lib/action_dispatch/middleware/callbacks.rb:29:in `block in call'
  activesupport (4.1.1) lib/active_support/callbacks.rb:82:in `run_callbacks'
  actionpack (4.1.1) lib/action_dispatch/middleware/callbacks.rb:27:in `call'
  actionpack (4.1.1) lib/action_dispatch/middleware/reloader.rb:73:in `call'
  actionpack (4.1.1) lib/action_dispatch/middleware/remote_ip.rb:76:in `call'
  actionpack (4.1.1) lib/action_dispatch/middleware/debug_exceptions.rb:17:in `call'
  actionpack (4.1.1) lib/action_dispatch/middleware/show_exceptions.rb:30:in `call'
  railties (4.1.1) lib/rails/rack/logger.rb:38:in `call_app'
  railties (4.1.1) lib/rails/rack/logger.rb:20:in `block in call'
  activesupport (4.1.1) lib/active_support/tagged_logging.rb:68:in `block in tagged'
  activesupport (4.1.1) lib/active_support/tagged_logging.rb:26:in `tagged'
  activesupport (4.1.1) lib/active_support/tagged_logging.rb:68:in `tagged'
  railties (4.1.1) lib/rails/rack/logger.rb:20:in `call'
  actionpack (4.1.1) lib/action_dispatch/middleware/request_id.rb:21:in `call'
  rack (1.5.2) lib/rack/methodoverride.rb:21:in `call'
  rack (1.5.2) lib/rack/runtime.rb:17:in `call'
  activesupport (4.1.1) lib/active_support/cache/strategy/local_cache_middleware.rb:26:in `call'
  rack (1.5.2) lib/rack/lock.rb:17:in `call'
  actionpack (4.1.1) lib/action_dispatch/middleware/static.rb:64:in `call'
  rack (1.5.2) lib/rack/sendfile.rb:112:in `call'
  railties (4.1.1) lib/rails/engine.rb:514:in `call'
  railties (4.1.1) lib/rails/application.rb:144:in `call'
  rack (1.5.2) lib/rack/lock.rb:17:in `call'
  rack (1.5.2) lib/rack/content_length.rb:14:in `call'
  rack (1.5.2) lib/rack/handler/webrick.rb:60:in `service'
  /Users/ryanyu/.rvm/rubies/ruby-2.1.2/lib/ruby/2.1.0/webrick/httpserver.rb:138:in `service'
  /Users/ryanyu/.rvm/rubies/ruby-2.1.2/lib/ruby/2.1.0/webrick/httpserver.rb:94:in `run'
  /Users/ryanyu/.rvm/rubies/ruby-2.1.2/lib/ruby/2.1.0/webrick/server.rb:295:in `block in start_thread'


  Rendered /Users/ryanyu/.rvm/gems/ruby-2.1.2/gems/actionpack-4.1.1/lib/action_dispatch/middleware/templates/rescues/_source.erb (0.6ms)
  Rendered /Users/ryanyu/.rvm/gems/ruby-2.1.2/gems/actionpack-4.1.1/lib/action_dispatch/middleware/templates/rescues/_trace.html.erb (1.8ms)
  Rendered /Users/ryanyu/.rvm/gems/ruby-2.1.2/gems/actionpack-4.1.1/lib/action_dispatch/middleware/templates/rescues/_request_and_response.html.erb (1.2ms)
  Rendered /Users/ryanyu/.rvm/gems/ruby-2.1.2/gems/actionpack-4.1.1/lib/action_dispatch/middleware/templates/rescues/diagnostics.erb within rescues/layout (24.8ms)


Started GET "/" for 127.0.0.1 at 2014-09-10 11:59:43 +0800

Mysql::ServerError::DbaccessDeniedError (Access denied for user 'ryanwyu'@'localhost' to database 'ryanyublogs_development'):
  ruby-mysql (2.9.12) lib/mysql/protocol.rb:504:in `read'
  ruby-mysql (2.9.12) lib/mysql/protocol.rb:192:in `authenticate'
  ruby-mysql (2.9.12) lib/mysql.rb:116:in `connect'
  activerecord-ruby_mysql-adapter (0.1) lib/active_record/connection_adapters/ruby_mysql_adapter.rb:395:in `connect'
  activerecord-ruby_mysql-adapter (0.1) lib/active_record/connection_adapters/ruby_mysql_adapter.rb:130:in `initialize'
  activerecord-ruby_mysql-adapter (0.1) lib/active_record/connection_adapters/ruby_mysql_adapter.rb:37:in `new'
  activerecord-ruby_mysql-adapter (0.1) lib/active_record/connection_adapters/ruby_mysql_adapter.rb:37:in `ruby_mysql_connection'
  activerecord (4.1.1) lib/active_record/connection_adapters/abstract/connection_pool.rb:435:in `new_connection'
  activerecord (4.1.1) lib/active_record/connection_adapters/abstract/connection_pool.rb:445:in `checkout_new_connection'
  activerecord (4.1.1) lib/active_record/connection_adapters/abstract/connection_pool.rb:416:in `acquire_connection'
  activerecord (4.1.1) lib/active_record/connection_adapters/abstract/connection_pool.rb:351:in `block in checkout'
  /Users/ryanyu/.rvm/rubies/ruby-2.1.2/lib/ruby/2.1.0/monitor.rb:211:in `mon_synchronize'
  activerecord (4.1.1) lib/active_record/connection_adapters/abstract/connection_pool.rb:350:in `checkout'
  activerecord (4.1.1) lib/active_record/connection_adapters/abstract/connection_pool.rb:265:in `block in connection'
  /Users/ryanyu/.rvm/rubies/ruby-2.1.2/lib/ruby/2.1.0/monitor.rb:211:in `mon_synchronize'
  activerecord (4.1.1) lib/active_record/connection_adapters/abstract/connection_pool.rb:264:in `connection'
  activerecord (4.1.1) lib/active_record/connection_adapters/abstract/connection_pool.rb:541:in `retrieve_connection'
  activerecord (4.1.1) lib/active_record/connection_handling.rb:113:in `retrieve_connection'
  activerecord (4.1.1) lib/active_record/connection_handling.rb:87:in `connection'
  activerecord (4.1.1) lib/active_record/query_cache.rb:51:in `restore_query_cache_settings'
  activerecord (4.1.1) lib/active_record/query_cache.rb:43:in `rescue in call'
  activerecord (4.1.1) lib/active_record/query_cache.rb:32:in `call'
  activerecord (4.1.1) lib/active_record/connection_adapters/abstract/connection_pool.rb:621:in `call'
  activerecord (4.1.1) lib/active_record/migration.rb:380:in `call'
  actionpack (4.1.1) lib/action_dispatch/middleware/callbacks.rb:29:in `block in call'
  activesupport (4.1.1) lib/active_support/callbacks.rb:82:in `run_callbacks'
  actionpack (4.1.1) lib/action_dispatch/middleware/callbacks.rb:27:in `call'
  actionpack (4.1.1) lib/action_dispatch/middleware/reloader.rb:73:in `call'
  actionpack (4.1.1) lib/action_dispatch/middleware/remote_ip.rb:76:in `call'
  actionpack (4.1.1) lib/action_dispatch/middleware/debug_exceptions.rb:17:in `call'
  actionpack (4.1.1) lib/action_dispatch/middleware/show_exceptions.rb:30:in `call'
  railties (4.1.1) lib/rails/rack/logger.rb:38:in `call_app'
  railties (4.1.1) lib/rails/rack/logger.rb:20:in `block in call'
  activesupport (4.1.1) lib/active_support/tagged_logging.rb:68:in `block in tagged'
  activesupport (4.1.1) lib/active_support/tagged_logging.rb:26:in `tagged'
  activesupport (4.1.1) lib/active_support/tagged_logging.rb:68:in `tagged'
  railties (4.1.1) lib/rails/rack/logger.rb:20:in `call'
  actionpack (4.1.1) lib/action_dispatch/middleware/request_id.rb:21:in `call'
  rack (1.5.2) lib/rack/methodoverride.rb:21:in `call'
  rack (1.5.2) lib/rack/runtime.rb:17:in `call'
  activesupport (4.1.1) lib/active_support/cache/strategy/local_cache_middleware.rb:26:in `call'
  rack (1.5.2) lib/rack/lock.rb:17:in `call'
  actionpack (4.1.1) lib/action_dispatch/middleware/static.rb:64:in `call'
  rack (1.5.2) lib/rack/sendfile.rb:112:in `call'
  railties (4.1.1) lib/rails/engine.rb:514:in `call'
  railties (4.1.1) lib/rails/application.rb:144:in `call'
  rack (1.5.2) lib/rack/lock.rb:17:in `call'
  rack (1.5.2) lib/rack/content_length.rb:14:in `call'
  rack (1.5.2) lib/rack/handler/webrick.rb:60:in `service'
  /Users/ryanyu/.rvm/rubies/ruby-2.1.2/lib/ruby/2.1.0/webrick/httpserver.rb:138:in `service'
  /Users/ryanyu/.rvm/rubies/ruby-2.1.2/lib/ruby/2.1.0/webrick/httpserver.rb:94:in `run'
  /Users/ryanyu/.rvm/rubies/ruby-2.1.2/lib/ruby/2.1.0/webrick/server.rb:295:in `block in start_thread'


  Rendered /Users/ryanyu/.rvm/gems/ruby-2.1.2/gems/actionpack-4.1.1/lib/action_dispatch/middleware/templates/rescues/_source.erb (0.6ms)
  Rendered /Users/ryanyu/.rvm/gems/ruby-2.1.2/gems/actionpack-4.1.1/lib/action_dispatch/middleware/templates/rescues/_trace.html.erb (1.3ms)
  Rendered /Users/ryanyu/.rvm/gems/ruby-2.1.2/gems/actionpack-4.1.1/lib/action_dispatch/middleware/templates/rescues/_request_and_response.html.erb (1.7ms)
  Rendered /Users/ryanyu/.rvm/gems/ruby-2.1.2/gems/actionpack-4.1.1/lib/action_dispatch/middleware/templates/rescues/diagnostics.erb within rescues/layout (22.4ms)


Started GET "/" for 127.0.0.1 at 2014-09-10 12:00:52 +0800

Mysql::ServerError::AccessDeniedError (Access denied for user 'ryanyu'@'localhost' (using password: YES)):
  ruby-mysql (2.9.12) lib/mysql/protocol.rb:504:in `read'
  ruby-mysql (2.9.12) lib/mysql/protocol.rb:192:in `authenticate'
  ruby-mysql (2.9.12) lib/mysql.rb:116:in `connect'
  activerecord-ruby_mysql-adapter (0.1) lib/active_record/connection_adapters/ruby_mysql_adapter.rb:395:in `connect'
  activerecord-ruby_mysql-adapter (0.1) lib/active_record/connection_adapters/ruby_mysql_adapter.rb:130:in `initialize'
  activerecord-ruby_mysql-adapter (0.1) lib/active_record/connection_adapters/ruby_mysql_adapter.rb:37:in `new'
  activerecord-ruby_mysql-adapter (0.1) lib/active_record/connection_adapters/ruby_mysql_adapter.rb:37:in `ruby_mysql_connection'
  activerecord (4.1.1) lib/active_record/connection_adapters/abstract/connection_pool.rb:435:in `new_connection'
  activerecord (4.1.1) lib/active_record/connection_adapters/abstract/connection_pool.rb:445:in `checkout_new_connection'
  activerecord (4.1.1) lib/active_record/connection_adapters/abstract/connection_pool.rb:416:in `acquire_connection'
  activerecord (4.1.1) lib/active_record/connection_adapters/abstract/connection_pool.rb:351:in `block in checkout'
  /Users/ryanyu/.rvm/rubies/ruby-2.1.2/lib/ruby/2.1.0/monitor.rb:211:in `mon_synchronize'
  activerecord (4.1.1) lib/active_record/connection_adapters/abstract/connection_pool.rb:350:in `checkout'
  activerecord (4.1.1) lib/active_record/connection_adapters/abstract/connection_pool.rb:265:in `block in connection'
  /Users/ryanyu/.rvm/rubies/ruby-2.1.2/lib/ruby/2.1.0/monitor.rb:211:in `mon_synchronize'
  activerecord (4.1.1) lib/active_record/connection_adapters/abstract/connection_pool.rb:264:in `connection'
  activerecord (4.1.1) lib/active_record/connection_adapters/abstract/connection_pool.rb:541:in `retrieve_connection'
  activerecord (4.1.1) lib/active_record/connection_handling.rb:113:in `retrieve_connection'
  activerecord (4.1.1) lib/active_record/connection_handling.rb:87:in `connection'
  activerecord (4.1.1) lib/active_record/query_cache.rb:51:in `restore_query_cache_settings'
  activerecord (4.1.1) lib/active_record/query_cache.rb:43:in `rescue in call'
  activerecord (4.1.1) lib/active_record/query_cache.rb:32:in `call'
  activerecord (4.1.1) lib/active_record/connection_adapters/abstract/connection_pool.rb:621:in `call'
  activerecord (4.1.1) lib/active_record/migration.rb:380:in `call'
  actionpack (4.1.1) lib/action_dispatch/middleware/callbacks.rb:29:in `block in call'
  activesupport (4.1.1) lib/active_support/callbacks.rb:82:in `run_callbacks'
  actionpack (4.1.1) lib/action_dispatch/middleware/callbacks.rb:27:in `call'
  actionpack (4.1.1) lib/action_dispatch/middleware/reloader.rb:73:in `call'
  actionpack (4.1.1) lib/action_dispatch/middleware/remote_ip.rb:76:in `call'
  actionpack (4.1.1) lib/action_dispatch/middleware/debug_exceptions.rb:17:in `call'
  actionpack (4.1.1) lib/action_dispatch/middleware/show_exceptions.rb:30:in `call'
  railties (4.1.1) lib/rails/rack/logger.rb:38:in `call_app'
  railties (4.1.1) lib/rails/rack/logger.rb:20:in `block in call'
  activesupport (4.1.1) lib/active_support/tagged_logging.rb:68:in `block in tagged'
  activesupport (4.1.1) lib/active_support/tagged_logging.rb:26:in `tagged'
  activesupport (4.1.1) lib/active_support/tagged_logging.rb:68:in `tagged'
  railties (4.1.1) lib/rails/rack/logger.rb:20:in `call'
  actionpack (4.1.1) lib/action_dispatch/middleware/request_id.rb:21:in `call'
  rack (1.5.2) lib/rack/methodoverride.rb:21:in `call'
  rack (1.5.2) lib/rack/runtime.rb:17:in `call'
  activesupport (4.1.1) lib/active_support/cache/strategy/local_cache_middleware.rb:26:in `call'
  rack (1.5.2) lib/rack/lock.rb:17:in `call'
  actionpack (4.1.1) lib/action_dispatch/middleware/static.rb:64:in `call'
  rack (1.5.2) lib/rack/sendfile.rb:112:in `call'
  railties (4.1.1) lib/rails/engine.rb:514:in `call'
  railties (4.1.1) lib/rails/application.rb:144:in `call'
  rack (1.5.2) lib/rack/lock.rb:17:in `call'
  rack (1.5.2) lib/rack/content_length.rb:14:in `call'
  rack (1.5.2) lib/rack/handler/webrick.rb:60:in `service'
  /Users/ryanyu/.rvm/rubies/ruby-2.1.2/lib/ruby/2.1.0/webrick/httpserver.rb:138:in `service'
  /Users/ryanyu/.rvm/rubies/ruby-2.1.2/lib/ruby/2.1.0/webrick/httpserver.rb:94:in `run'
  /Users/ryanyu/.rvm/rubies/ruby-2.1.2/lib/ruby/2.1.0/webrick/server.rb:295:in `block in start_thread'


  Rendered /Users/ryanyu/.rvm/gems/ruby-2.1.2/gems/actionpack-4.1.1/lib/action_dispatch/middleware/templates/rescues/_source.erb (0.7ms)
  Rendered /Users/ryanyu/.rvm/gems/ruby-2.1.2/gems/actionpack-4.1.1/lib/action_dispatch/middleware/templates/rescues/_trace.html.erb (1.4ms)
  Rendered /Users/ryanyu/.rvm/gems/ruby-2.1.2/gems/actionpack-4.1.1/lib/action_dispatch/middleware/templates/rescues/_request_and_response.html.erb (1.7ms)
  Rendered /Users/ryanyu/.rvm/gems/ruby-2.1.2/gems/actionpack-4.1.1/lib/action_dispatch/middleware/templates/rescues/diagnostics.erb within rescues/layout (22.9ms)


Started GET "/" for 127.0.0.1 at 2014-09-10 12:56:13 +0800

Mysql::ServerError::DbaccessDeniedError (Access denied for user 'ryanyu'@'localhost' to database 'ryanyublogs_development'):
  ruby-mysql (2.9.12) lib/mysql/protocol.rb:504:in `read'
  ruby-mysql (2.9.12) lib/mysql/protocol.rb:192:in `authenticate'
  ruby-mysql (2.9.12) lib/mysql.rb:116:in `connect'
  activerecord-ruby_mysql-adapter (0.1) lib/active_record/connection_adapters/ruby_mysql_adapter.rb:395:in `connect'
  activerecord-ruby_mysql-adapter (0.1) lib/active_record/connection_adapters/ruby_mysql_adapter.rb:130:in `initialize'
  activerecord-ruby_mysql-adapter (0.1) lib/active_record/connection_adapters/ruby_mysql_adapter.rb:37:in `new'
  activerecord-ruby_mysql-adapter (0.1) lib/active_record/connection_adapters/ruby_mysql_adapter.rb:37:in `ruby_mysql_connection'
  activerecord (4.1.1) lib/active_record/connection_adapters/abstract/connection_pool.rb:435:in `new_connection'
  activerecord (4.1.1) lib/active_record/connection_adapters/abstract/connection_pool.rb:445:in `checkout_new_connection'
  activerecord (4.1.1) lib/active_record/connection_adapters/abstract/connection_pool.rb:416:in `acquire_connection'
  activerecord (4.1.1) lib/active_record/connection_adapters/abstract/connection_pool.rb:351:in `block in checkout'
  /Users/ryanyu/.rvm/rubies/ruby-2.1.2/lib/ruby/2.1.0/monitor.rb:211:in `mon_synchronize'
  activerecord (4.1.1) lib/active_record/connection_adapters/abstract/connection_pool.rb:350:in `checkout'
  activerecord (4.1.1) lib/active_record/connection_adapters/abstract/connection_pool.rb:265:in `block in connection'
  /Users/ryanyu/.rvm/rubies/ruby-2.1.2/lib/ruby/2.1.0/monitor.rb:211:in `mon_synchronize'
  activerecord (4.1.1) lib/active_record/connection_adapters/abstract/connection_pool.rb:264:in `connection'
  activerecord (4.1.1) lib/active_record/connection_adapters/abstract/connection_pool.rb:541:in `retrieve_connection'
  activerecord (4.1.1) lib/active_record/connection_handling.rb:113:in `retrieve_connection'
  activerecord (4.1.1) lib/active_record/connection_handling.rb:87:in `connection'
  activerecord (4.1.1) lib/active_record/query_cache.rb:51:in `restore_query_cache_settings'
  activerecord (4.1.1) lib/active_record/query_cache.rb:43:in `rescue in call'
  activerecord (4.1.1) lib/active_record/query_cache.rb:32:in `call'
  activerecord (4.1.1) lib/active_record/connection_adapters/abstract/connection_pool.rb:621:in `call'
  activerecord (4.1.1) lib/active_record/migration.rb:380:in `call'
  actionpack (4.1.1) lib/action_dispatch/middleware/callbacks.rb:29:in `block in call'
  activesupport (4.1.1) lib/active_support/callbacks.rb:82:in `run_callbacks'
  actionpack (4.1.1) lib/action_dispatch/middleware/callbacks.rb:27:in `call'
  actionpack (4.1.1) lib/action_dispatch/middleware/reloader.rb:73:in `call'
  actionpack (4.1.1) lib/action_dispatch/middleware/remote_ip.rb:76:in `call'
  actionpack (4.1.1) lib/action_dispatch/middleware/debug_exceptions.rb:17:in `call'
  actionpack (4.1.1) lib/action_dispatch/middleware/show_exceptions.rb:30:in `call'
  railties (4.1.1) lib/rails/rack/logger.rb:38:in `call_app'
  railties (4.1.1) lib/rails/rack/logger.rb:20:in `block in call'
  activesupport (4.1.1) lib/active_support/tagged_logging.rb:68:in `block in tagged'
  activesupport (4.1.1) lib/active_support/tagged_logging.rb:26:in `tagged'
  activesupport (4.1.1) lib/active_support/tagged_logging.rb:68:in `tagged'
  railties (4.1.1) lib/rails/rack/logger.rb:20:in `call'
  actionpack (4.1.1) lib/action_dispatch/middleware/request_id.rb:21:in `call'
  rack (1.5.2) lib/rack/methodoverride.rb:21:in `call'
  rack (1.5.2) lib/rack/runtime.rb:17:in `call'
  activesupport (4.1.1) lib/active_support/cache/strategy/local_cache_middleware.rb:26:in `call'
  rack (1.5.2) lib/rack/lock.rb:17:in `call'
  actionpack (4.1.1) lib/action_dispatch/middleware/static.rb:64:in `call'
  rack (1.5.2) lib/rack/sendfile.rb:112:in `call'
  railties (4.1.1) lib/rails/engine.rb:514:in `call'
  railties (4.1.1) lib/rails/application.rb:144:in `call'
  rack (1.5.2) lib/rack/lock.rb:17:in `call'
  rack (1.5.2) lib/rack/content_length.rb:14:in `call'
  rack (1.5.2) lib/rack/handler/webrick.rb:60:in `service'
  /Users/ryanyu/.rvm/rubies/ruby-2.1.2/lib/ruby/2.1.0/webrick/httpserver.rb:138:in `service'
  /Users/ryanyu/.rvm/rubies/ruby-2.1.2/lib/ruby/2.1.0/webrick/httpserver.rb:94:in `run'
  /Users/ryanyu/.rvm/rubies/ruby-2.1.2/lib/ruby/2.1.0/webrick/server.rb:295:in `block in start_thread'


  Rendered /Users/ryanyu/.rvm/gems/ruby-2.1.2/gems/actionpack-4.1.1/lib/action_dispatch/middleware/templates/rescues/_source.erb (0.9ms)
  Rendered /Users/ryanyu/.rvm/gems/ruby-2.1.2/gems/actionpack-4.1.1/lib/action_dispatch/middleware/templates/rescues/_trace.html.erb (2.1ms)
  Rendered /Users/ryanyu/.rvm/gems/ruby-2.1.2/gems/actionpack-4.1.1/lib/action_dispatch/middleware/templates/rescues/_request_and_response.html.erb (1.2ms)
  Rendered /Users/ryanyu/.rvm/gems/ruby-2.1.2/gems/actionpack-4.1.1/lib/action_dispatch/middleware/templates/rescues/diagnostics.erb within rescues/layout (28.0ms)


Started GET "/" for 127.0.0.1 at 2014-09-10 12:57:41 +0800

Mysql::ServerError::AccessDeniedError (Access denied for user 'ryanyu@localhost'@'localhost' (using password: YES)):
  ruby-mysql (2.9.12) lib/mysql/protocol.rb:504:in `read'
  ruby-mysql (2.9.12) lib/mysql/protocol.rb:192:in `authenticate'
  ruby-mysql (2.9.12) lib/mysql.rb:116:in `connect'
  activerecord-ruby_mysql-adapter (0.1) lib/active_record/connection_adapters/ruby_mysql_adapter.rb:395:in `connect'
  activerecord-ruby_mysql-adapter (0.1) lib/active_record/connection_adapters/ruby_mysql_adapter.rb:130:in `initialize'
  activerecord-ruby_mysql-adapter (0.1) lib/active_record/connection_adapters/ruby_mysql_adapter.rb:37:in `new'
  activerecord-ruby_mysql-adapter (0.1) lib/active_record/connection_adapters/ruby_mysql_adapter.rb:37:in `ruby_mysql_connection'
  activerecord (4.1.1) lib/active_record/connection_adapters/abstract/connection_pool.rb:435:in `new_connection'
  activerecord (4.1.1) lib/active_record/connection_adapters/abstract/connection_pool.rb:445:in `checkout_new_connection'
  activerecord (4.1.1) lib/active_record/connection_adapters/abstract/connection_pool.rb:416:in `acquire_connection'
  activerecord (4.1.1) lib/active_record/connection_adapters/abstract/connection_pool.rb:351:in `block in checkout'
  /Users/ryanyu/.rvm/rubies/ruby-2.1.2/lib/ruby/2.1.0/monitor.rb:211:in `mon_synchronize'
  activerecord (4.1.1) lib/active_record/connection_adapters/abstract/connection_pool.rb:350:in `checkout'
  activerecord (4.1.1) lib/active_record/connection_adapters/abstract/connection_pool.rb:265:in `block in connection'
  /Users/ryanyu/.rvm/rubies/ruby-2.1.2/lib/ruby/2.1.0/monitor.rb:211:in `mon_synchronize'
  activerecord (4.1.1) lib/active_record/connection_adapters/abstract/connection_pool.rb:264:in `connection'
  activerecord (4.1.1) lib/active_record/connection_adapters/abstract/connection_pool.rb:541:in `retrieve_connection'
  activerecord (4.1.1) lib/active_record/connection_handling.rb:113:in `retrieve_connection'
  activerecord (4.1.1) lib/active_record/connection_handling.rb:87:in `connection'
  activerecord (4.1.1) lib/active_record/query_cache.rb:51:in `restore_query_cache_settings'
  activerecord (4.1.1) lib/active_record/query_cache.rb:43:in `rescue in call'
  activerecord (4.1.1) lib/active_record/query_cache.rb:32:in `call'
  activerecord (4.1.1) lib/active_record/connection_adapters/abstract/connection_pool.rb:621:in `call'
  activerecord (4.1.1) lib/active_record/migration.rb:380:in `call'
  actionpack (4.1.1) lib/action_dispatch/middleware/callbacks.rb:29:in `block in call'
  activesupport (4.1.1) lib/active_support/callbacks.rb:82:in `run_callbacks'
  actionpack (4.1.1) lib/action_dispatch/middleware/callbacks.rb:27:in `call'
  actionpack (4.1.1) lib/action_dispatch/middleware/reloader.rb:73:in `call'
  actionpack (4.1.1) lib/action_dispatch/middleware/remote_ip.rb:76:in `call'
  actionpack (4.1.1) lib/action_dispatch/middleware/debug_exceptions.rb:17:in `call'
  actionpack (4.1.1) lib/action_dispatch/middleware/show_exceptions.rb:30:in `call'
  railties (4.1.1) lib/rails/rack/logger.rb:38:in `call_app'
  railties (4.1.1) lib/rails/rack/logger.rb:20:in `block in call'
  activesupport (4.1.1) lib/active_support/tagged_logging.rb:68:in `block in tagged'
  activesupport (4.1.1) lib/active_support/tagged_logging.rb:26:in `tagged'
  activesupport (4.1.1) lib/active_support/tagged_logging.rb:68:in `tagged'
  railties (4.1.1) lib/rails/rack/logger.rb:20:in `call'
  actionpack (4.1.1) lib/action_dispatch/middleware/request_id.rb:21:in `call'
  rack (1.5.2) lib/rack/methodoverride.rb:21:in `call'
  rack (1.5.2) lib/rack/runtime.rb:17:in `call'
  activesupport (4.1.1) lib/active_support/cache/strategy/local_cache_middleware.rb:26:in `call'
  rack (1.5.2) lib/rack/lock.rb:17:in `call'
  actionpack (4.1.1) lib/action_dispatch/middleware/static.rb:64:in `call'
  rack (1.5.2) lib/rack/sendfile.rb:112:in `call'
  railties (4.1.1) lib/rails/engine.rb:514:in `call'
  railties (4.1.1) lib/rails/application.rb:144:in `call'
  rack (1.5.2) lib/rack/lock.rb:17:in `call'
  rack (1.5.2) lib/rack/content_length.rb:14:in `call'
  rack (1.5.2) lib/rack/handler/webrick.rb:60:in `service'
  /Users/ryanyu/.rvm/rubies/ruby-2.1.2/lib/ruby/2.1.0/webrick/httpserver.rb:138:in `service'
  /Users/ryanyu/.rvm/rubies/ruby-2.1.2/lib/ruby/2.1.0/webrick/httpserver.rb:94:in `run'
  /Users/ryanyu/.rvm/rubies/ruby-2.1.2/lib/ruby/2.1.0/webrick/server.rb:295:in `block in start_thread'


  Rendered /Users/ryanyu/.rvm/gems/ruby-2.1.2/gems/actionpack-4.1.1/lib/action_dispatch/middleware/templates/rescues/_source.erb (0.7ms)
  Rendered /Users/ryanyu/.rvm/gems/ruby-2.1.2/gems/actionpack-4.1.1/lib/action_dispatch/middleware/templates/rescues/_trace.html.erb (1.4ms)
  Rendered /Users/ryanyu/.rvm/gems/ruby-2.1.2/gems/actionpack-4.1.1/lib/action_dispatch/middleware/templates/rescues/_request_and_response.html.erb (1.2ms)
  Rendered /Users/ryanyu/.rvm/gems/ruby-2.1.2/gems/actionpack-4.1.1/lib/action_dispatch/middleware/templates/rescues/diagnostics.erb within rescues/layout (22.2ms)


Started GET "/" for 127.0.0.1 at 2014-09-10 12:58:20 +0800
  [1m[36mskip_logging (1.0ms)[0m  [1mSET SQL_AUTO_IS_NULL=0[0m
Processing by Rails::WelcomeController#index as HTML
  Rendered /Users/ryanyu/.rvm/gems/ruby-2.1.2/gems/railties-4.1.1/lib/rails/templates/rails/welcome/index.html.erb (1.7ms)
Completed 200 OK in 20ms (Views: 7.3ms | ActiveRecord: 0.0ms)


Started GET "/" for 127.0.0.1 at 2014-09-10 12:59:58 +0800

LoadError (Could not load 'active_record/connection_adapters/ruby_mysql_adapter'. Make sure that the adapter in config/database.yml is valid. If you use an adapter other than 'mysql', 'mysql2', 'postgresql' or 'sqlite3' add the necessary adapter gem to the Gemfile.):
  activesupport (4.1.1) lib/active_support/dependencies.rb:247:in `require'
  activesupport (4.1.1) lib/active_support/dependencies.rb:247:in `block in require'
  activesupport (4.1.1) lib/active_support/dependencies.rb:232:in `load_dependency'
  activesupport (4.1.1) lib/active_support/dependencies.rb:247:in `require'
  activerecord-ruby_mysql-adapter (0.1) lib/active_record/connection_adapters/ruby_mysql_adapter.rb:5:in `<top (required)>'
  activesupport (4.1.1) lib/active_support/dependencies.rb:247:in `require'
  activesupport (4.1.1) lib/active_support/dependencies.rb:247:in `block in require'
  activesupport (4.1.1) lib/active_support/dependencies.rb:232:in `load_dependency'
  activesupport (4.1.1) lib/active_support/dependencies.rb:247:in `require'
  activerecord (4.1.1) lib/active_record/connection_adapters/connection_specification.rb:188:in `spec'
  activerecord (4.1.1) lib/active_record/connection_handling.rb:50:in `establish_connection'
  activerecord (4.1.1) lib/active_record/railtie.rb:129:in `block (2 levels) in <class:Railtie>'
  activesupport (4.1.1) lib/active_support/lazy_load_hooks.rb:38:in `instance_eval'
  activesupport (4.1.1) lib/active_support/lazy_load_hooks.rb:38:in `execute_hook'
  activesupport (4.1.1) lib/active_support/lazy_load_hooks.rb:45:in `block in run_load_hooks'
  activesupport (4.1.1) lib/active_support/lazy_load_hooks.rb:44:in `each'
  activesupport (4.1.1) lib/active_support/lazy_load_hooks.rb:44:in `run_load_hooks'
  activerecord (4.1.1) lib/active_record/base.rb:326:in `<module:ActiveRecord>'
  activerecord (4.1.1) lib/active_record/base.rb:23:in `<top (required)>'
  activerecord (4.1.1) lib/active_record/connection_adapters/abstract/connection_pool.rb:628:in `rescue in call'
  activerecord (4.1.1) lib/active_record/connection_adapters/abstract/connection_pool.rb:619:in `call'
  activerecord (4.1.1) lib/active_record/migration.rb:380:in `call'
  actionpack (4.1.1) lib/action_dispatch/middleware/callbacks.rb:29:in `block in call'
  activesupport (4.1.1) lib/active_support/callbacks.rb:82:in `run_callbacks'
  actionpack (4.1.1) lib/action_dispatch/middleware/callbacks.rb:27:in `call'
  actionpack (4.1.1) lib/action_dispatch/middleware/reloader.rb:73:in `call'
  actionpack (4.1.1) lib/action_dispatch/middleware/remote_ip.rb:76:in `call'
  actionpack (4.1.1) lib/action_dispatch/middleware/debug_exceptions.rb:17:in `call'
  actionpack (4.1.1) lib/action_dispatch/middleware/show_exceptions.rb:30:in `call'
  railties (4.1.1) lib/rails/rack/logger.rb:38:in `call_app'
  railties (4.1.1) lib/rails/rack/logger.rb:20:in `block in call'
  activesupport (4.1.1) lib/active_support/tagged_logging.rb:68:in `block in tagged'
  activesupport (4.1.1) lib/active_support/tagged_logging.rb:26:in `tagged'
  activesupport (4.1.1) lib/active_support/tagged_logging.rb:68:in `tagged'
  railties (4.1.1) lib/rails/rack/logger.rb:20:in `call'
  actionpack (4.1.1) lib/action_dispatch/middleware/request_id.rb:21:in `call'
  rack (1.5.2) lib/rack/methodoverride.rb:21:in `call'
  rack (1.5.2) lib/rack/runtime.rb:17:in `call'
  activesupport (4.1.1) lib/active_support/cache/strategy/local_cache_middleware.rb:26:in `call'
  rack (1.5.2) lib/rack/lock.rb:17:in `call'
  actionpack (4.1.1) lib/action_dispatch/middleware/static.rb:64:in `call'
  rack (1.5.2) lib/rack/sendfile.rb:112:in `call'
  railties (4.1.1) lib/rails/engine.rb:514:in `call'
  railties (4.1.1) lib/rails/application.rb:144:in `call'
  rack (1.5.2) lib/rack/lock.rb:17:in `call'
  rack (1.5.2) lib/rack/content_length.rb:14:in `call'
  rack (1.5.2) lib/rack/handler/webrick.rb:60:in `service'
  /Users/ryanyu/.rvm/rubies/ruby-2.1.2/lib/ruby/2.1.0/webrick/httpserver.rb:138:in `service'
  /Users/ryanyu/.rvm/rubies/ruby-2.1.2/lib/ruby/2.1.0/webrick/httpserver.rb:94:in `run'
  /Users/ryanyu/.rvm/rubies/ruby-2.1.2/lib/ruby/2.1.0/webrick/server.rb:295:in `block in start_thread'


  Rendered /Users/ryanyu/.rvm/gems/ruby-2.1.2/gems/actionpack-4.1.1/lib/action_dispatch/middleware/templates/rescues/_source.erb (0.7ms)
  Rendered /Users/ryanyu/.rvm/gems/ruby-2.1.2/gems/actionpack-4.1.1/lib/action_dispatch/middleware/templates/rescues/_trace.html.erb (5.5ms)
  Rendered /Users/ryanyu/.rvm/gems/ruby-2.1.2/gems/actionpack-4.1.1/lib/action_dispatch/middleware/templates/rescues/_request_and_response.html.erb (1.2ms)
  Rendered /Users/ryanyu/.rvm/gems/ruby-2.1.2/gems/actionpack-4.1.1/lib/action_dispatch/middleware/templates/rescues/diagnostics.erb within rescues/layout (47.2ms)


Started GET "/" for 127.0.0.1 at 2014-09-10 13:00:38 +0800

LoadError (Could not load 'active_record/connection_adapters/ruby_mysql_adapter'. Make sure that the adapter in config/database.yml is valid. If you use an adapter other than 'mysql', 'mysql2', 'postgresql' or 'sqlite3' add the necessary adapter gem to the Gemfile.):
  activesupport (4.1.1) lib/active_support/dependencies.rb:247:in `require'
  activesupport (4.1.1) lib/active_support/dependencies.rb:247:in `block in require'
  activesupport (4.1.1) lib/active_support/dependencies.rb:232:in `load_dependency'
  activesupport (4.1.1) lib/active_support/dependencies.rb:247:in `require'
  activerecord (4.1.1) lib/active_record/connection_adapters/connection_specification.rb:188:in `spec'
  activerecord (4.1.1) lib/active_record/connection_handling.rb:50:in `establish_connection'
  activerecord (4.1.1) lib/active_record/railtie.rb:129:in `block (2 levels) in <class:Railtie>'
  activesupport (4.1.1) lib/active_support/lazy_load_hooks.rb:38:in `instance_eval'
  activesupport (4.1.1) lib/active_support/lazy_load_hooks.rb:38:in `execute_hook'
  activesupport (4.1.1) lib/active_support/lazy_load_hooks.rb:45:in `block in run_load_hooks'
  activesupport (4.1.1) lib/active_support/lazy_load_hooks.rb:44:in `each'
  activesupport (4.1.1) lib/active_support/lazy_load_hooks.rb:44:in `run_load_hooks'
  activerecord (4.1.1) lib/active_record/base.rb:326:in `<module:ActiveRecord>'
  activerecord (4.1.1) lib/active_record/base.rb:23:in `<top (required)>'
  activerecord (4.1.1) lib/active_record/connection_adapters/abstract/connection_pool.rb:628:in `rescue in call'
  activerecord (4.1.1) lib/active_record/connection_adapters/abstract/connection_pool.rb:619:in `call'
  activerecord (4.1.1) lib/active_record/migration.rb:380:in `call'
  actionpack (4.1.1) lib/action_dispatch/middleware/callbacks.rb:29:in `block in call'
  activesupport (4.1.1) lib/active_support/callbacks.rb:82:in `run_callbacks'
  actionpack (4.1.1) lib/action_dispatch/middleware/callbacks.rb:27:in `call'
  actionpack (4.1.1) lib/action_dispatch/middleware/reloader.rb:73:in `call'
  actionpack (4.1.1) lib/action_dispatch/middleware/remote_ip.rb:76:in `call'
  actionpack (4.1.1) lib/action_dispatch/middleware/debug_exceptions.rb:17:in `call'
  actionpack (4.1.1) lib/action_dispatch/middleware/show_exceptions.rb:30:in `call'
  railties (4.1.1) lib/rails/rack/logger.rb:38:in `call_app'
  railties (4.1.1) lib/rails/rack/logger.rb:20:in `block in call'
  activesupport (4.1.1) lib/active_support/tagged_logging.rb:68:in `block in tagged'
  activesupport (4.1.1) lib/active_support/tagged_logging.rb:26:in `tagged'
  activesupport (4.1.1) lib/active_support/tagged_logging.rb:68:in `tagged'
  railties (4.1.1) lib/rails/rack/logger.rb:20:in `call'
  actionpack (4.1.1) lib/action_dispatch/middleware/request_id.rb:21:in `call'
  rack (1.5.2) lib/rack/methodoverride.rb:21:in `call'
  rack (1.5.2) lib/rack/runtime.rb:17:in `call'
  activesupport (4.1.1) lib/active_support/cache/strategy/local_cache_middleware.rb:26:in `call'
  rack (1.5.2) lib/rack/lock.rb:17:in `call'
  actionpack (4.1.1) lib/action_dispatch/middleware/static.rb:64:in `call'
  rack (1.5.2) lib/rack/sendfile.rb:112:in `call'
  railties (4.1.1) lib/rails/engine.rb:514:in `call'
  railties (4.1.1) lib/rails/application.rb:144:in `call'
  rack (1.5.2) lib/rack/lock.rb:17:in `call'
  rack (1.5.2) lib/rack/content_length.rb:14:in `call'
  rack (1.5.2) lib/rack/handler/webrick.rb:60:in `service'
  /Users/ryanyu/.rvm/rubies/ruby-2.1.2/lib/ruby/2.1.0/webrick/httpserver.rb:138:in `service'
  /Users/ryanyu/.rvm/rubies/ruby-2.1.2/lib/ruby/2.1.0/webrick/httpserver.rb:94:in `run'
  /Users/ryanyu/.rvm/rubies/ruby-2.1.2/lib/ruby/2.1.0/webrick/server.rb:295:in `block in start_thread'


  Rendered /Users/ryanyu/.rvm/gems/ruby-2.1.2/gems/actionpack-4.1.1/lib/action_dispatch/middleware/templates/rescues/_source.erb (0.8ms)
  Rendered /Users/ryanyu/.rvm/gems/ruby-2.1.2/gems/actionpack-4.1.1/lib/action_dispatch/middleware/templates/rescues/_trace.html.erb (1.5ms)
  Rendered /Users/ryanyu/.rvm/gems/ruby-2.1.2/gems/actionpack-4.1.1/lib/action_dispatch/middleware/templates/rescues/_request_and_response.html.erb (1.7ms)
  Rendered /Users/ryanyu/.rvm/gems/ruby-2.1.2/gems/actionpack-4.1.1/lib/action_dispatch/middleware/templates/rescues/diagnostics.erb within rescues/layout (23.2ms)


Started GET "/" for 127.0.0.1 at 2014-09-10 13:00:42 +0800

LoadError (Could not load 'active_record/connection_adapters/ruby_mysql_adapter'. Make sure that the adapter in config/database.yml is valid. If you use an adapter other than 'mysql', 'mysql2', 'postgresql' or 'sqlite3' add the necessary adapter gem to the Gemfile.):
  activesupport (4.1.1) lib/active_support/dependencies.rb:247:in `require'
  activesupport (4.1.1) lib/active_support/dependencies.rb:247:in `block in require'
  activesupport (4.1.1) lib/active_support/dependencies.rb:232:in `load_dependency'
  activesupport (4.1.1) lib/active_support/dependencies.rb:247:in `require'
  activerecord (4.1.1) lib/active_record/connection_adapters/connection_specification.rb:188:in `spec'
  activerecord (4.1.1) lib/active_record/connection_handling.rb:50:in `establish_connection'
  activerecord (4.1.1) lib/active_record/railtie.rb:129:in `block (2 levels) in <class:Railtie>'
  activesupport (4.1.1) lib/active_support/lazy_load_hooks.rb:38:in `instance_eval'
  activesupport (4.1.1) lib/active_support/lazy_load_hooks.rb:38:in `execute_hook'
  activesupport (4.1.1) lib/active_support/lazy_load_hooks.rb:45:in `block in run_load_hooks'
  activesupport (4.1.1) lib/active_support/lazy_load_hooks.rb:44:in `each'
  activesupport (4.1.1) lib/active_support/lazy_load_hooks.rb:44:in `run_load_hooks'
  activerecord (4.1.1) lib/active_record/base.rb:326:in `<module:ActiveRecord>'
  activerecord (4.1.1) lib/active_record/base.rb:23:in `<top (required)>'
  activerecord (4.1.1) lib/active_record/connection_adapters/abstract/connection_pool.rb:628:in `rescue in call'
  activerecord (4.1.1) lib/active_record/connection_adapters/abstract/connection_pool.rb:619:in `call'
  activerecord (4.1.1) lib/active_record/migration.rb:380:in `call'
  actionpack (4.1.1) lib/action_dispatch/middleware/callbacks.rb:29:in `block in call'
  activesupport (4.1.1) lib/active_support/callbacks.rb:82:in `run_callbacks'
  actionpack (4.1.1) lib/action_dispatch/middleware/callbacks.rb:27:in `call'
  actionpack (4.1.1) lib/action_dispatch/middleware/reloader.rb:73:in `call'
  actionpack (4.1.1) lib/action_dispatch/middleware/remote_ip.rb:76:in `call'
  actionpack (4.1.1) lib/action_dispatch/middleware/debug_exceptions.rb:17:in `call'
  actionpack (4.1.1) lib/action_dispatch/middleware/show_exceptions.rb:30:in `call'
  railties (4.1.1) lib/rails/rack/logger.rb:38:in `call_app'
  railties (4.1.1) lib/rails/rack/logger.rb:20:in `block in call'
  activesupport (4.1.1) lib/active_support/tagged_logging.rb:68:in `block in tagged'
  activesupport (4.1.1) lib/active_support/tagged_logging.rb:26:in `tagged'
  activesupport (4.1.1) lib/active_support/tagged_logging.rb:68:in `tagged'
  railties (4.1.1) lib/rails/rack/logger.rb:20:in `call'
  actionpack (4.1.1) lib/action_dispatch/middleware/request_id.rb:21:in `call'
  rack (1.5.2) lib/rack/methodoverride.rb:21:in `call'
  rack (1.5.2) lib/rack/runtime.rb:17:in `call'
  activesupport (4.1.1) lib/active_support/cache/strategy/local_cache_middleware.rb:26:in `call'
  rack (1.5.2) lib/rack/lock.rb:17:in `call'
  actionpack (4.1.1) lib/action_dispatch/middleware/static.rb:64:in `call'
  rack (1.5.2) lib/rack/sendfile.rb:112:in `call'
  railties (4.1.1) lib/rails/engine.rb:514:in `call'
  railties (4.1.1) lib/rails/application.rb:144:in `call'
  rack (1.5.2) lib/rack/lock.rb:17:in `call'
  rack (1.5.2) lib/rack/content_length.rb:14:in `call'
  rack (1.5.2) lib/rack/handler/webrick.rb:60:in `service'
  /Users/ryanyu/.rvm/rubies/ruby-2.1.2/lib/ruby/2.1.0/webrick/httpserver.rb:138:in `service'
  /Users/ryanyu/.rvm/rubies/ruby-2.1.2/lib/ruby/2.1.0/webrick/httpserver.rb:94:in `run'
  /Users/ryanyu/.rvm/rubies/ruby-2.1.2/lib/ruby/2.1.0/webrick/server.rb:295:in `block in start_thread'


  Rendered /Users/ryanyu/.rvm/gems/ruby-2.1.2/gems/actionpack-4.1.1/lib/action_dispatch/middleware/templates/rescues/_source.erb (0.9ms)
  Rendered /Users/ryanyu/.rvm/gems/ruby-2.1.2/gems/actionpack-4.1.1/lib/action_dispatch/middleware/templates/rescues/_trace.html.erb (1.4ms)
  Rendered /Users/ryanyu/.rvm/gems/ruby-2.1.2/gems/actionpack-4.1.1/lib/action_dispatch/middleware/templates/rescues/_request_and_response.html.erb (9.3ms)
  Rendered /Users/ryanyu/.rvm/gems/ruby-2.1.2/gems/actionpack-4.1.1/lib/action_dispatch/middleware/templates/rescues/diagnostics.erb within rescues/layout (26.4ms)


Started GET "/" for 127.0.0.1 at 2014-09-10 13:01:24 +0800
  [1m[36mskip_logging (0.5ms)[0m  [1mSET SQL_AUTO_IS_NULL=0[0m
Processing by Rails::WelcomeController#index as HTML
  Rendered /Users/ryanyu/.rvm/gems/ruby-2.1.2/gems/railties-4.1.1/lib/rails/templates/rails/welcome/index.html.erb (1.7ms)
Completed 200 OK in 18ms (Views: 7.4ms | ActiveRecord: 0.0ms)


Started GET "/" for 127.0.0.1 at 2014-09-10 13:07:02 +0800

LoadError (Could not load 'active_record/connection_adapters/ruby-mysql_adapter'. Make sure that the adapter in config/database.yml is valid. If you use an adapter other than 'mysql', 'mysql2', 'postgresql' or 'sqlite3' add the necessary adapter gem to the Gemfile.):
  activesupport (4.1.1) lib/active_support/dependencies.rb:247:in `require'
  activesupport (4.1.1) lib/active_support/dependencies.rb:247:in `block in require'
  activesupport (4.1.1) lib/active_support/dependencies.rb:232:in `load_dependency'
  activesupport (4.1.1) lib/active_support/dependencies.rb:247:in `require'
  activerecord (4.1.1) lib/active_record/connection_adapters/connection_specification.rb:188:in `spec'
  activerecord (4.1.1) lib/active_record/connection_handling.rb:50:in `establish_connection'
  activerecord (4.1.1) lib/active_record/railtie.rb:129:in `block (2 levels) in <class:Railtie>'
  activesupport (4.1.1) lib/active_support/lazy_load_hooks.rb:38:in `instance_eval'
  activesupport (4.1.1) lib/active_support/lazy_load_hooks.rb:38:in `execute_hook'
  activesupport (4.1.1) lib/active_support/lazy_load_hooks.rb:45:in `block in run_load_hooks'
  activesupport (4.1.1) lib/active_support/lazy_load_hooks.rb:44:in `each'
  activesupport (4.1.1) lib/active_support/lazy_load_hooks.rb:44:in `run_load_hooks'
  activerecord (4.1.1) lib/active_record/base.rb:326:in `<module:ActiveRecord>'
  activerecord (4.1.1) lib/active_record/base.rb:23:in `<top (required)>'
  activerecord (4.1.1) lib/active_record/connection_adapters/abstract/connection_pool.rb:628:in `rescue in call'
  activerecord (4.1.1) lib/active_record/connection_adapters/abstract/connection_pool.rb:619:in `call'
  activerecord (4.1.1) lib/active_record/migration.rb:380:in `call'
  actionpack (4.1.1) lib/action_dispatch/middleware/callbacks.rb:29:in `block in call'
  activesupport (4.1.1) lib/active_support/callbacks.rb:82:in `run_callbacks'
  actionpack (4.1.1) lib/action_dispatch/middleware/callbacks.rb:27:in `call'
  actionpack (4.1.1) lib/action_dispatch/middleware/reloader.rb:73:in `call'
  actionpack (4.1.1) lib/action_dispatch/middleware/remote_ip.rb:76:in `call'
  actionpack (4.1.1) lib/action_dispatch/middleware/debug_exceptions.rb:17:in `call'
  actionpack (4.1.1) lib/action_dispatch/middleware/show_exceptions.rb:30:in `call'
  railties (4.1.1) lib/rails/rack/logger.rb:38:in `call_app'
  railties (4.1.1) lib/rails/rack/logger.rb:20:in `block in call'
  activesupport (4.1.1) lib/active_support/tagged_logging.rb:68:in `block in tagged'
  activesupport (4.1.1) lib/active_support/tagged_logging.rb:26:in `tagged'
  activesupport (4.1.1) lib/active_support/tagged_logging.rb:68:in `tagged'
  railties (4.1.1) lib/rails/rack/logger.rb:20:in `call'
  actionpack (4.1.1) lib/action_dispatch/middleware/request_id.rb:21:in `call'
  rack (1.5.2) lib/rack/methodoverride.rb:21:in `call'
  rack (1.5.2) lib/rack/runtime.rb:17:in `call'
  activesupport (4.1.1) lib/active_support/cache/strategy/local_cache_middleware.rb:26:in `call'
  rack (1.5.2) lib/rack/lock.rb:17:in `call'
  actionpack (4.1.1) lib/action_dispatch/middleware/static.rb:64:in `call'
  rack (1.5.2) lib/rack/sendfile.rb:112:in `call'
  railties (4.1.1) lib/rails/engine.rb:514:in `call'
  railties (4.1.1) lib/rails/application.rb:144:in `call'
  rack (1.5.2) lib/rack/lock.rb:17:in `call'
  rack (1.5.2) lib/rack/content_length.rb:14:in `call'
  rack (1.5.2) lib/rack/handler/webrick.rb:60:in `service'
  /Users/ryanyu/.rvm/rubies/ruby-2.1.2/lib/ruby/2.1.0/webrick/httpserver.rb:138:in `service'
  /Users/ryanyu/.rvm/rubies/ruby-2.1.2/lib/ruby/2.1.0/webrick/httpserver.rb:94:in `run'
  /Users/ryanyu/.rvm/rubies/ruby-2.1.2/lib/ruby/2.1.0/webrick/server.rb:295:in `block in start_thread'


  Rendered /Users/ryanyu/.rvm/gems/ruby-2.1.2/gems/actionpack-4.1.1/lib/action_dispatch/middleware/templates/rescues/_source.erb (0.7ms)
  Rendered /Users/ryanyu/.rvm/gems/ruby-2.1.2/gems/actionpack-4.1.1/lib/action_dispatch/middleware/templates/rescues/_trace.html.erb (1.2ms)
  Rendered /Users/ryanyu/.rvm/gems/ruby-2.1.2/gems/actionpack-4.1.1/lib/action_dispatch/middleware/templates/rescues/_request_and_response.html.erb (1.2ms)
  Rendered /Users/ryanyu/.rvm/gems/ruby-2.1.2/gems/actionpack-4.1.1/lib/action_dispatch/middleware/templates/rescues/diagnostics.erb within rescues/layout (21.6ms)


Started GET "/" for 127.0.0.1 at 2014-09-10 13:07:36 +0800
  [1m[36mskip_logging (0.4ms)[0m  [1mSET SQL_AUTO_IS_NULL=0[0m
Processing by Rails::WelcomeController#index as HTML
  Rendered /Users/ryanyu/.rvm/gems/ruby-2.1.2/gems/railties-4.1.1/lib/rails/templates/rails/welcome/index.html.erb (1.6ms)
Completed 200 OK in 16ms (Views: 6.4ms | ActiveRecord: 0.0ms)
